Log file open, 03/02/18 20:19:56
LogInit:Display: Running engine for game: WEAPON_MOD_PROJECT
LogPlatformFile: Not using cached read wrapper
LogInit:Display: RandInit(-1810623020) SRandInit(-1810623019).
LogTaskGraph: Started task graph with 5 named threads and 8 total threads with 1 sets of task threads.
LogStats: Stats thread started at 0.077886
LogInit: Using libcurl 7.47.1
LogInit:  - built for x86_64-pc-win32
LogInit:  - supports SSL with OpenSSL/1.0.2g
LogInit:  - supports HTTP deflate (compression) using libz 1.2.8
LogInit:  - other features:
LogInit:      CURL_VERSION_SSL
LogInit:      CURL_VERSION_LIBZ
LogInit:      CURL_VERSION_IPV6
LogInit:      CURL_VERSION_ASYNCHDNS
LogInit:      CURL_VERSION_LARGEFILE
LogInit:      CURL_VERSION_IDN
LogInit:  CurlRequestOptions (configurable via config and command line):
LogInit:  - bVerifyPeer = false  - Libcurl will NOT verify peer certificate
LogInit:  - bUseHttpProxy = false  - Libcurl will NOT use HTTP proxy
LogInit:  - bDontReuseConnections = false  - Libcurl will reuse connections
LogInit:  - CertBundlePath = nullptr  - Libcurl will use whatever was configured at build time.
LogInit: Build: ++UE4+Release-4.16-CL-3561208
LogInit: Engine Version: 4.16.3-3561208+++UE4+Release-4.16
LogInit: Compatible Engine Version: 4.16.0-3452394+++UE4+Release-4.16
LogInit: Net CL: 3452394
LogDevObjectVersion: Number of dev versions registered: 16
LogDevObjectVersion:   Dev-Blueprints (B0D832E4-1F89-4F0D-ACCF-7EB736FD4AA2): 9
LogDevObjectVersion:   Dev-Build (E1C64328-A22C-4D53-A36C-8E866417BD8C): 0
LogDevObjectVersion:   Dev-Core (375EC13C-06E4-48FB-B500-84F0262A717E): 2
LogDevObjectVersion:   Dev-Editor (E4B068ED-F494-42E9-A231-DA0B2E46BB41): 17
LogDevObjectVersion:   Dev-Framework (CFFC743F-43B0-4480-9391-14DF171D2073): 23
LogDevObjectVersion:   Dev-Mobile (B02B49B5-BB20-44E9-A304-32B752E40360): 0
LogDevObjectVersion:   Dev-Networking (A4E4105C-59A1-49B5-A7C5-40C4547EDFEE): 0
LogDevObjectVersion:   Dev-Online (39C831C9-5AE6-47DC-9A44-9C173E1C8E7C): 0
LogDevObjectVersion:   Dev-Physics (78F01B33-EBEA-4F98-B9B4-84EACCB95AA2): 0
LogDevObjectVersion:   Dev-Platform (6631380F-2D4D-43E0-8009-CF276956A95A): 0
LogDevObjectVersion:   Dev-Rendering (12F88B9F-8875-4AFC-A67C-D90C383ABD29): 15
LogDevObjectVersion:   Dev-Sequencer (7B5AE74C-D270-4C10-A958-57980B212A5A): 4
LogDevObjectVersion:   Dev-VR (D7296918-1DD6-4BDD-9DE2-64A83CC13884): 0
LogDevObjectVersion:   Dev-LoadTimes (C2A15278-BFE7-4AFE-6C17-90FF531DF755): 1
LogDevObjectVersion:   Private-Geometry (6EACA3D4-40EC-4CC1-B786-8BED09428FC5): 1
LogDevObjectVersion:   Dev-AnimPhys (29E575DD-E0A3-4627-9D10-D276232CDCEA): 3
LogInit: Compiled (64-bit): Jul 28 2017 11:49:47
LogInit: Compiled with Visual C++: 19.00.24215.01
LogInit: Build Configuration: Development
LogInit: Branch Name: ++UE4+Release-4.16
LogInit: Command line: 
LogInit: Base directory: G:/UE_4.16/Engine/Binaries/Win64/
LogInit: Installed Engine Build: 1
LogInit: Presizing for max 8388607 objects, including 0 objects not considered by GC, pre-allocating 0 bytes for permanent pool.
LogInit: Object subsystem initialized
[2018.03.02-09.19.57:210][  0]LogInit: Selected Device Profile: [Windows]
[2018.03.02-09.19.57:210][  0]LogInit: Applying CVar settings loaded from the selected device profile: [Windows]
[2018.03.02-09.19.57:227][  0]LogInit: Computer: THEBEAST
[2018.03.02-09.19.57:227][  0]LogInit: User: petermiller
[2018.03.02-09.19.57:227][  0]LogInit: CPU Page size=4096, Cores=4
[2018.03.02-09.19.57:227][  0]LogInit: High frequency timer resolution =3.914065 MHz
[2018.03.02-09.19.57:227][  0]LogMemory: Memory total: Physical=16.0GB (16GB approx)
[2018.03.02-09.19.57:227][  0]LogMemory: Platform Memory Stats for Windows
[2018.03.02-09.19.57:227][  0]LogMemory: Process Physical Memory: 272.11 MB used, 272.11 MB peak
[2018.03.02-09.19.57:227][  0]LogMemory: Process Virtual Memory: 261.02 MB used, 261.02 MB peak
[2018.03.02-09.19.57:227][  0]LogMemory: Physical Memory: 5109.02 MB used,  11227.25 MB free, 16336.26 MB total
[2018.03.02-09.19.57:227][  0]LogMemory: Virtual Memory: 621.84 MB used,  11227.25 MB free, 134217728.00 MB total
[2018.03.02-09.19.57:267][  0]LogInit: Using OS detected language (en-GB).
[2018.03.02-09.19.57:267][  0]LogInit: Using OS detected locale (en-GB).
[2018.03.02-09.19.57:269][  0]LogTextLocalizationManager: No specific localization for 'en-GB' exists, so the 'en' localization will be used.
[2018.03.02-09.19.57:965][  0]LogD3D11RHI: D3D11 adapters:
[2018.03.02-09.19.57:990][  0]LogD3D11RHI:    0. 'NVIDIA GeForce GTX 1070' (Feature Level 11_0)
[2018.03.02-09.19.57:990][  0]LogD3D11RHI:       8053/0/8168 MB DedicatedVideo/DedicatedSystem/SharedSystem, Outputs:2, VendorId:0x10de
[2018.03.02-09.19.57:991][  0]LogD3D11RHI:    1. 'Microsoft Basic Render Driver' (Feature Level 11_0)
[2018.03.02-09.19.57:991][  0]LogD3D11RHI:       0/0/256 MB DedicatedVideo/DedicatedSystem/SharedSystem, Outputs:0, VendorId:0x1414
[2018.03.02-09.19.57:991][  0]LogD3D11RHI: Chosen D3D11 Adapter: 0
[2018.03.02-09.19.57:994][  0]LogD3D11RHI: Creating new Direct3DDevice
[2018.03.02-09.19.57:994][  0]LogD3D11RHI:     GPU DeviceId: 0x1b81 (for the marketing name, search the web for "GPU Device Id")
[2018.03.02-09.19.57:994][  0]LogWindows: EnumDisplayDevices:
[2018.03.02-09.19.57:994][  0]LogWindows:    0. 'NVIDIA GeForce GTX 1070' (P:1 D:1)
[2018.03.02-09.19.57:994][  0]LogWindows:    1. 'NVIDIA GeForce GTX 1070' (P:0 D:1)
[2018.03.02-09.19.57:995][  0]LogWindows:    2. 'NVIDIA GeForce GTX 1070' (P:0 D:0)
[2018.03.02-09.19.57:995][  0]LogWindows:    3. 'NVIDIA GeForce GTX 1070' (P:0 D:0)
[2018.03.02-09.19.57:995][  0]LogWindows: DebugString: FoundDriverCount:4 
[2018.03.02-09.19.57:995][  0]LogD3D11RHI:     Adapter Name: NVIDIA GeForce GTX 1070
[2018.03.02-09.19.57:995][  0]LogD3D11RHI:   Driver Version: 388.00 (internal:23.21.13.8800, unified:388.00)
[2018.03.02-09.19.57:995][  0]LogD3D11RHI:      Driver Date: 10-12-2017
[2018.03.02-09.19.57:995][  0]LogRHI: Texture pool is 1361 MB (70% of 1945 MB)
[2018.03.02-09.19.58:006][  0]LogD3D11RHI: Async texture creation enabled
[2018.03.02-09.19.58:026][  0]LogD3D11RHI: GPU Timing Frequency: 1000.000000 (Debug: 2 2)
[2018.03.02-09.19.58:115][  0]LogShaderCompilers: Guid format shader working directory is 8 characters bigger than the processId version (../../../../Unreal Projects/WEAPON_MOD_PROJECT/Intermediate/Shaders/WorkingDirectory/664/).
[2018.03.02-09.19.58:115][  0]LogShaderCompilers: Cleaned the shader compiler working directory 'C:/Users/peter miller/AppData/Local/Temp/UnrealShaderWorkingDir/A2C6E6E74091FD2F3D7E7C90F88A7151/'.
[2018.03.02-09.19.58:115][  0]LogShaderCompilers:Display: Using Local Shader Compiler.
[2018.03.02-09.19.58:810][  0]LogTemp:Display: Loaded TP AllDesktopTargetPlatform
[2018.03.02-09.19.58:839][  0]LogTemp:Display: Loaded TP MacClientTargetPlatform
[2018.03.02-09.19.58:870][  0]LogTemp:Display: Loaded TP MacNoEditorTargetPlatform
[2018.03.02-09.19.58:900][  0]LogTemp:Display: Loaded TP MacServerTargetPlatform
[2018.03.02-09.19.58:931][  0]LogTemp:Display: Loaded TP MacTargetPlatform
[2018.03.02-09.19.58:960][  0]LogTemp:Display: Loaded TP WindowsClientTargetPlatform
[2018.03.02-09.19.58:990][  0]LogTemp:Display: Loaded TP WindowsNoEditorTargetPlatform
[2018.03.02-09.19.59:020][  0]LogTemp:Display: Loaded TP WindowsServerTargetPlatform
[2018.03.02-09.19.59:047][  0]LogTemp:Display: Loaded TP WindowsTargetPlatform
[2018.03.02-09.19.59:111][  0]LogTemp:Display: Loaded TP AndroidTargetPlatform
[2018.03.02-09.19.59:158][  0]LogTemp:Display: Loaded TP Android_ASTCTargetPlatform
[2018.03.02-09.19.59:192][  0]LogTemp:Display: Loaded TP Android_ATCTargetPlatform
[2018.03.02-09.19.59:220][  0]LogTemp:Display: Loaded TP Android_DXTTargetPlatform
[2018.03.02-09.19.59:249][  0]LogTemp:Display: Loaded TP Android_ETC1TargetPlatform
[2018.03.02-09.19.59:278][  0]LogTemp:Display: Loaded TP Android_ETC2TargetPlatform
[2018.03.02-09.19.59:333][  0]LogTemp:Display: Loaded TP Android_MultiTargetPlatform
[2018.03.02-09.19.59:333][  0]LogTemp:Display: Loaded TP Android_PVRTCTargetPlatform
[2018.03.02-09.19.59:354][  0]LogTemp:Display: Loaded TP HTML5TargetPlatform
[2018.03.02-09.19.59:416][  0]LogTemp:Display: Loaded TP IOSTargetPlatform
[2018.03.02-09.19.59:432][  0]LogTemp:Display: Loaded TP TVOSTargetPlatform
[2018.03.02-09.19.59:461][  0]LogTemp:Display: Loaded TP LinuxClientTargetPlatform
[2018.03.02-09.19.59:490][  0]LogTemp:Display: Loaded TP LinuxNoEditorTargetPlatform
[2018.03.02-09.19.59:517][  0]LogTemp:Display: Loaded TP LinuxServerTargetPlatform
[2018.03.02-09.19.59:546][  0]LogTemp:Display: Loaded TP LinuxTargetPlatform
[2018.03.02-09.19.59:546][  0]LogTargetPlatformManager:Display: Building Assets For Windows
[2018.03.02-09.19.59:801][  0]LogDerivedDataCache:Display: Max Cache Size: 512 MB
[2018.03.02-09.19.59:883][  0]LogDerivedDataCache: Loaded boot cache 0.08s 90MB C:/Users/peter miller/AppData/Local/UnrealEngine/4.16/DerivedDataCache/Boot.ddc.
[2018.03.02-09.19.59:883][  0]LogDerivedDataCache:Display: Loaded Boot cache: C:/Users/peter miller/AppData/Local/UnrealEngine/4.16/DerivedDataCache/Boot.ddc
[2018.03.02-09.19.59:883][  0]LogDerivedDataCache: FDerivedDataBackendGraph:  Pak pak cache file ../../../../Unreal Projects/WEAPON_MOD_PROJECT/DerivedDataCache/DDC.ddp not found, will not use a pak cache.
[2018.03.02-09.19.59:883][  0]LogDerivedDataCache: Unable to find inner node Pak for hierarchical cache Hierarchy.
[2018.03.02-09.19.59:883][  0]LogDerivedDataCache: FDerivedDataBackendGraph:  CompressedPak pak cache file ../../../../Unreal Projects/WEAPON_MOD_PROJECT/DerivedDataCache/Compressed.ddp not found, will not use a pak cache.
[2018.03.02-09.19.59:883][  0]LogDerivedDataCache: Unable to find inner node CompressedPak for hierarchical cache Hierarchy.
[2018.03.02-09.19.59:896][  0]LogDerivedDataCache:Display: Pak cache opened for reading ../../../Engine/DerivedDataCache/Compressed.ddp.
[2018.03.02-09.19.59:908][  0]LogDerivedDataCache: Using Local data cache path C:/Users/peter miller/AppData/Local/UnrealEngine/Common/DerivedDataCache: Writable
[2018.03.02-09.19.59:916][  0]LogMaterial: Verifying Global Shaders for PCD3D_SM5
[2018.03.02-09.19.59:916][  0]LogSlate: Using Freetype 2.6.0
[2018.03.02-09.19.59:916][  0]LogSlate: SlateFontCache - WITH_FREETYPE: 1, WITH_HARFBUZZ: 1
[2018.03.02-09.19.59:916][  0]LogSlate: SlateFontCache - WITH_FREETYPE: 1, WITH_HARFBUZZ: 1
[2018.03.02-09.20.00:175][  0]LogInit: Selected Device Profile: [Windows]
[2018.03.02-09.20.00:243][  0]LogContentStreaming: Texture pool size is 0.00 MB
[2018.03.02-09.20.00:348][  0]LogMeshUtilities: Using QuadricMeshReduction for automatic static mesh reduction
[2018.03.02-09.20.00:371][  0]LogSimplygon: Simplygon DLL not present - disabling.
[2018.03.02-09.20.00:399][  0]LogMeshUtilities: Using SimplygonSwarm for distributed automatic mesh merging
[2018.03.02-09.20.00:399][  0]LogMeshUtilities: No automatic skeletal mesh reduction module available
[2018.03.02-09.20.00:399][  0]LogMeshUtilities: No automatic mesh merging module available
[2018.03.02-09.20.00:793][  0]LogNetVersion: WEAPON_MOD_PROJECT , NetCL: 3452394, EngineNetVer: 2, GameNetVer: 0 (Checksum: 2519855051)
[2018.03.02-09.20.00:839][  0]LogAssetRegistry: FAssetRegistry took 0.0244 seconds to start up
[2018.03.02-09.20.01:090][  0]LogPackageLocalizationCache: Processed 4 localized package path(s) for 2 prioritized culture(s) in 0.241210 seconds
[2018.03.02-09.20.01:094][  0]LogUObjectArray: 34194 objects as part of root set at end of initial load.
[2018.03.02-09.20.01:094][  0]LogUObjectAllocator: 7260424 out of 0 bytes used by permanent object pool.
[2018.03.02-09.20.01:094][  0]LogUObjectArray: CloseDisregardForGC: 0/0 objects in disregard for GC pool
[2018.03.02-09.20.01:123][  0]LogInit: WinSock: version 1.1 (2.2), MaxSocks=32767, MaxUdp=65467
[2018.03.02-09.20.02:667][  0]LogTcpMessaging: Initializing TcpMessaging bridge
[2018.03.02-09.20.02:694][  0]LogUdpMessaging: Initializing bridge on interface 0.0.0.0:0 to multicast group 230.0.0.1:6666.
[2018.03.02-09.20.03:023][  0]LogMaterial: Uniform references updated for custom material expression Custom.
[2018.03.02-09.20.03:260][  0]SourceControl: Info Source control is disabled
[2018.03.02-09.20.03:283][  0]SourceControl: Info Source control is disabled
[2018.03.02-09.20.03:310][  0]SourceControl: Info Source control is disabled
[2018.03.02-09.20.03:336][  0]SourceControl: Info Source control is disabled
[2018.03.02-09.20.03:718][  0]LogAndroidPermission: UAndroidPermissionCallbackProxy::GetInstance
[2018.03.02-09.20.04:074][  0]LogEngine: Initializing Engine...
[2018.03.02-09.20.04:075][  0]LogHMD: Failed to initialize OpenVR with code 101
[2018.03.02-09.20.04:227][  0]LogStats: UGameplayTagsManager::ConstructGameplayTagTree: Construct from data asset -  0.000 s
[2018.03.02-09.20.04:227][  0]LogStats: UGameplayTagsManager::ConstructGameplayTagTree: GameplayTagTreeChangedEvent.Broadcast -  0.000 s
[2018.03.02-09.20.04:299][  0]LogAIModule: Creating AISystem for world Untitled
[2018.03.02-09.20.04:310][  0]LogInit: XAudio2 using 'Speakers (Sound Blaster Recon3Di)' : 2 channels at 48 kHz using 32 bits per sample (channel mask 0x3)
[2018.03.02-09.20.04:324][  0]LogInit: FAudioDevice initialized.
[2018.03.02-09.20.04:356][  0]LogDerivedDataCache: Saved boot cache 0.03s 90MB C:/Users/peter miller/AppData/Local/UnrealEngine/4.16/DerivedDataCache/Boot.ddc.
[2018.03.02-09.20.04:367][  0]LogInit: Texture streaming: Enabled
[2018.03.02-09.20.04:413][  0]LogEngineSessionManager: EngineSessionManager initialized
[2018.03.02-09.20.04:531][  0]LogInit: Transaction tracking system initialized
[2018.03.02-09.20.04:702][  0]BlueprintLog: New page: Editor Load
[2018.03.02-09.20.05:201][  0]LocalizationService: Info Localization service is disabled
[2018.03.02-09.20.05:573][  0]LogConsoleResponse:Display: 
[2018.03.02-09.20.05:735][  0]LogCook:Display: Max memory allowance for cook 16384mb min free memory 0mb
[2018.03.02-09.20.05:735][  0]LogCook:Display: Mobile HDR setting 1
[2018.03.02-09.20.05:950][  0]LogFileCache: Scanning file cache for directory 'G:/Unreal Projects/WEAPON_MOD_PROJECT/Content/' took 0.05s
[2018.03.02-09.20.06:293][  0]SourceControl: Info Source control is disabled
[2018.03.02-09.20.06:293][  0]Cmd: MAP LOAD FILE="../../../../Unreal Projects/WEAPON_MOD_PROJECT/Content/FirstPersonBP/Maps/FirstPersonExampleMap.umap" TEMPLATE=0 SHOWPROGRESS=1 FEATURELEVEL=3
[2018.03.02-09.20.06:365][  0]LightingResults: New page: Lighting Build
[2018.03.02-09.20.06:387][  0]MapCheck: New page: Map Check
[2018.03.02-09.20.06:387][  0]LightingResults: New page: Lighting Build
[2018.03.02-09.20.07:167][  0]LogLinker:Warning: Can't find file '/Script/EnvironmentQueryEditor'
[2018.03.02-09.20.07:167][  0]LogLinker:Warning: Can't find file for asset '/Script/EnvironmentQueryEditor' while loading ../../../../Unreal Projects/WEAPON_MOD_PROJECT/Content/AI/FindPlayer.uasset.
[2018.03.02-09.20.07:167][  0]LoadErrors:Error: Error /Game/AI/FindPlayer : Can't find file for asset. /Script/EnvironmentQueryEditor
[2018.03.02-09.20.07:167][  0]LogLinker:Warning: Can't find file '/Script/EnvironmentQueryEditor'
[2018.03.02-09.20.07:167][  0]LogLinker:Warning: Can't find file for asset '/Script/EnvironmentQueryEditor' while loading ../../../../Unreal Projects/WEAPON_MOD_PROJECT/Content/AI/FindPlayer.uasset.
[2018.03.02-09.20.07:167][  0]LoadErrors:Error: Error /Game/AI/FindPlayer : Can't find file for asset. /Script/EnvironmentQueryEditor
[2018.03.02-09.20.07:167][  0]LogLinker:Warning: Can't find file '/Script/EnvironmentQueryEditor'
[2018.03.02-09.20.07:167][  0]LogLinker:Warning: Can't find file for asset '/Script/EnvironmentQueryEditor' while loading ../../../../Unreal Projects/WEAPON_MOD_PROJECT/Content/AI/FindPlayer.uasset.
[2018.03.02-09.20.07:167][  0]LoadErrors:Error: Error /Game/AI/FindPlayer : Can't find file for asset. /Script/EnvironmentQueryEditor
[2018.03.02-09.20.07:168][  0]LogLinker:Warning: Can't find file '/Script/EnvironmentQueryEditor'
[2018.03.02-09.20.07:168][  0]LogLinker:Warning: Can't find file for asset '/Script/EnvironmentQueryEditor' while loading ../../../../Unreal Projects/WEAPON_MOD_PROJECT/Content/AI/FindPlayer.uasset.
[2018.03.02-09.20.07:168][  0]LoadErrors:Error: Error /Game/AI/FindPlayer : Can't find file for asset. /Script/EnvironmentQueryEditor
[2018.03.02-09.20.07:168][  0]LogLinker:Warning: Can't find file '/Script/EnvironmentQueryEditor'
[2018.03.02-09.20.07:168][  0]LogLinker:Warning: Can't find file for asset '/Script/EnvironmentQueryEditor' while loading ../../../../Unreal Projects/WEAPON_MOD_PROJECT/Content/AI/FindPlayer.uasset.
[2018.03.02-09.20.07:168][  0]LoadErrors:Error: Error /Game/AI/FindPlayer : Can't find file for asset. /Script/EnvironmentQueryEditor
[2018.03.02-09.20.07:168][  0]LogLinker:Warning: Can't find file '/Script/EnvironmentQueryEditor'
[2018.03.02-09.20.07:168][  0]LogLinker:Warning: Can't find file for asset '/Script/EnvironmentQueryEditor' while loading ../../../../Unreal Projects/WEAPON_MOD_PROJECT/Content/AI_Z/PatrolAI_BT_Z.uasset.
[2018.03.02-09.20.07:168][  0]LoadErrors:Error: Error /Game/AI_Z/PatrolAI_BT_Z : Can't find file for asset. /Script/EnvironmentQueryEditor
[2018.03.02-09.20.07:168][  0]LogLinker:Warning: Can't find file '/Script/EnvironmentQueryEditor'
[2018.03.02-09.20.07:168][  0]LogLinker:Warning: Can't find file for asset '/Script/EnvironmentQueryEditor' while loading ../../../../Unreal Projects/WEAPON_MOD_PROJECT/Content/AI_Z/PatrolAI_BT_Z.uasset.
[2018.03.02-09.20.07:168][  0]LoadErrors:Error: Error /Game/AI_Z/PatrolAI_BT_Z : Can't find file for asset. /Script/EnvironmentQueryEditor
[2018.03.02-09.20.07:168][  0]LogLinker:Warning: Can't find file '/Script/EnvironmentQueryEditor'
[2018.03.02-09.20.07:168][  0]LogLinker:Warning: Can't find file for asset '/Script/EnvironmentQueryEditor' while loading ../../../../Unreal Projects/WEAPON_MOD_PROJECT/Content/AI_Z/PatrolAI_BT_Z.uasset.
[2018.03.02-09.20.07:168][  0]LoadErrors:Error: Error /Game/AI_Z/PatrolAI_BT_Z : Can't find file for asset. /Script/EnvironmentQueryEditor
[2018.03.02-09.20.07:168][  0]LogLinker:Warning: Can't find file '/Script/EnvironmentQueryEditor'
[2018.03.02-09.20.07:168][  0]LogLinker:Warning: Can't find file for asset '/Script/EnvironmentQueryEditor' while loading ../../../../Unreal Projects/WEAPON_MOD_PROJECT/Content/AI_Z/PatrolAI_BT_Z.uasset.
[2018.03.02-09.20.07:168][  0]LoadErrors:Error: Error /Game/AI_Z/PatrolAI_BT_Z : Can't find file for asset. /Script/EnvironmentQueryEditor
[2018.03.02-09.20.07:168][  0]LogLinker:Warning: Can't find file '/Script/EnvironmentQueryEditor'
[2018.03.02-09.20.07:168][  0]LogLinker:Warning: Can't find file for asset '/Script/EnvironmentQueryEditor' while loading ../../../../Unreal Projects/WEAPON_MOD_PROJECT/Content/AI_Z/PatrolAI_BT_Z.uasset.
[2018.03.02-09.20.07:168][  0]LoadErrors:Error: Error /Game/AI_Z/PatrolAI_BT_Z : Can't find file for asset. /Script/EnvironmentQueryEditor
[2018.03.02-09.20.07:168][  0]LogLinker:Warning: Can't find file '/Script/EnvironmentQueryEditor'
[2018.03.02-09.20.07:168][  0]LogLinker:Warning: Can't find file for asset '/Script/EnvironmentQueryEditor' while loading ../../../../Unreal Projects/WEAPON_MOD_PROJECT/Content/AI_Z/PatrolAI_BT_Z.uasset.
[2018.03.02-09.20.07:168][  0]LoadErrors:Error: Error /Game/AI_Z/PatrolAI_BT_Z : Can't find file for asset. /Script/EnvironmentQueryEditor
[2018.03.02-09.20.07:168][  0]LogLinker:Warning: Can't find file '/Script/EnvironmentQueryEditor'
[2018.03.02-09.20.07:168][  0]LogLinker:Warning: Can't find file for asset '/Script/EnvironmentQueryEditor' while loading ../../../../Unreal Projects/WEAPON_MOD_PROJECT/Content/AI_Z/PatrolAI_BT_Z.uasset.
[2018.03.02-09.20.07:168][  0]LoadErrors:Error: Error /Game/AI_Z/PatrolAI_BT_Z : Can't find file for asset. /Script/EnvironmentQueryEditor
[2018.03.02-09.20.07:168][  0]LogLinker:Warning: Can't find file '/Script/EnvironmentQueryEditor'
[2018.03.02-09.20.07:168][  0]LogLinker:Warning: Can't find file for asset '/Script/EnvironmentQueryEditor' while loading ../../../../Unreal Projects/WEAPON_MOD_PROJECT/Content/AI_Z/PatrolAI_BT_Z.uasset.
[2018.03.02-09.20.07:168][  0]LoadErrors:Error: Error /Game/AI_Z/PatrolAI_BT_Z : Can't find file for asset. /Script/EnvironmentQueryEditor
[2018.03.02-09.20.11:174][  0]LogBlueprint:Warning: [Compiler Ue4ASP_Character] Warning InputAction Event references unknown Action 'Crouch' for  InputAction Crouch
[2018.03.02-09.20.11:176][  0]LogBlueprint:Warning: [Compiler Ue4ASP_Character] Warning [0016.52] Compile of Ue4ASP_Character successful, but with 1 Warning(s) [in 4 ms] (/Game/AnimStarterPack/Ue4ASP_Character.Ue4ASP_Character)
[2018.03.02-09.20.11:176][  0]LogBlueprint:Warning: [Compiler Ue4ASP_Character] Warning [0016.52] Compile of Ue4ASP_Character successful, but with 2 Warning(s) [in 0 ms] (/Game/AnimStarterPack/Ue4ASP_Character.Ue4ASP_Character)
[2018.03.02-09.20.11:176][  0]LogBlueprint:Warning: [Compiler Ue4ASP_Character] Warning [0016.52] Compile of Ue4ASP_Character successful, but with 3 Warning(s) [in 0 ms] (/Game/AnimStarterPack/Ue4ASP_Character.Ue4ASP_Character)
[2018.03.02-09.20.11:222][  0]LogBlueprint:Warning: [Compiler Ue4ASP_Character] Warning InputAction Event references unknown Action 'Crouch' for  InputAction Crouch
[2018.03.02-09.20.11:224][  0]LogBlueprint:Warning: [Compiler Ue4ASP_Character] Warning [0016.57] Compile of Ue4ASP_Character successful, but with 1 Warning(s) [in 3 ms] (/Game/AnimStarterPack/Ue4ASP_Character.Ue4ASP_Character)
[2018.03.02-09.20.11:224][  0]LogBlueprint:Warning: [Compiler Ue4ASP_Character] Warning [0016.57] Compile of Ue4ASP_Character successful, but with 2 Warning(s) [in 0 ms] (/Game/AnimStarterPack/Ue4ASP_Character.Ue4ASP_Character)
[2018.03.02-09.20.11:225][  0]LogBlueprint:Warning: [Compiler Ue4ASP_Character] Warning [0016.57] Compile of Ue4ASP_Character successful, but with 3 Warning(s) [in 0 ms] (/Game/AnimStarterPack/Ue4ASP_Character.Ue4ASP_Character)
[2018.03.02-09.20.13:338][  0]LogLinker:Warning: Can't find file '/Script/EnvironmentQueryEditor'
[2018.03.02-09.20.13:338][  0]LogLinker:Warning: Can't find file for asset '/Script/EnvironmentQueryEditor' while loading NULL.
[2018.03.02-09.20.13:338][  0]LogLinker:Warning: Can't find file '/Script/EnvironmentQueryEditor'
[2018.03.02-09.20.13:338][  0]LoadErrors: Info Failed to load /Script/EnvironmentQueryEditor.EnvironmentQueryGraph Referenced by FindPlayer
[2018.03.02-09.20.13:338][  0]LogLinker:Warning: Can't find file for asset '/Script/EnvironmentQueryEditor' while loading NULL.
[2018.03.02-09.20.13:338][  0]LoadErrors: Info Failed to load /Script/EnvironmentQueryEditor.EnvironmentQueryGraph Referenced by FindPlayer
[2018.03.02-09.20.13:338][  0]LogLinker:Warning: Can't find file '/Script/EnvironmentQueryEditor'
[2018.03.02-09.20.13:338][  0]LogLinker:Warning: Can't find file for asset '/Script/EnvironmentQueryEditor' while loading NULL.
[2018.03.02-09.20.13:338][  0]LogLinker:Warning: Can't find file '/Script/EnvironmentQueryEditor'
[2018.03.02-09.20.13:338][  0]LoadErrors: Info Failed to load /Script/EnvironmentQueryEditor.EnvironmentQueryGraphNode_Root Referenced by PackageMetaData
[2018.03.02-09.20.13:338][  0]LogLinker:Warning: Can't find file for asset '/Script/EnvironmentQueryEditor' while loading NULL.
[2018.03.02-09.20.13:338][  0]LoadErrors: Info Failed to load /Script/EnvironmentQueryEditor.EnvironmentQueryGraphNode_Root Referenced by PackageMetaData
[2018.03.02-09.20.14:271][  0]LogClass:Warning: Enum '/Game/AI/AI_State.AI_State' was upgraded to use FText to store its display name data. Please re-save this asset to avoid issues with localization and determinstic cooking.
[2018.03.02-09.20.14:734][  0]LogAIModule: Creating AISystem for world FirstPersonExampleMap
[2018.03.02-09.20.14:938][  0]LogEditorServer: Finished looking for orphan Actors (0.000 secs)
[2018.03.02-09.20.14:986][  0]Cmd: MAP CHECKDEP NOCLEARLOG
[2018.03.02-09.20.15:038][  0]MapCheck: Info Map check complete: 0 Error(s), 0 Warning(s), took 52.12ms to complete.
[2018.03.02-09.20.15:038][  0]LogFileHelpers: Loading map 'FirstPersonExampleMap' took 8.746
[2018.03.02-09.20.15:684][  0]LogCrashTracker: Crashtracker disabled due to settings.
[2018.03.02-09.20.15:868][  0]LogCollectionManager: Loaded 0 collections in 0.000936 seconds
[2018.03.02-09.20.16:005][  0]LogFileCache: Scanning file cache for directory 'G:/Unreal Projects/WEAPON_MOD_PROJECT/Saved/Collections/' took 0.01s
[2018.03.02-09.20.16:005][  0]LogFileCache: Scanning file cache for directory 'G:/Unreal Projects/WEAPON_MOD_PROJECT/Content/Developers/petermiller/Collections/' took 0.01s
[2018.03.02-09.20.16:005][  0]LogFileCache: Scanning file cache for directory 'G:/Unreal Projects/WEAPON_MOD_PROJECT/Content/Collections/' took 0.01s
[2018.03.02-09.20.16:005][  0]LogCollectionManager: Rebuilt the GUID cache for 0 collections in 0.000002 seconds
[2018.03.02-09.20.16:013][  0]LogContentBrowser: Native class hierarchy populated in 0.0075 seconds. Added 2330 classes and 493 folders.
[2018.03.02-09.20.16:074][  0]LogContentBrowser: Native class hierarchy updated for 'WidgetCarousel' in 0.0004 seconds. Added 0 classes and 0 folders.
[2018.03.02-09.20.16:608][  0]LogContentBrowser: Native class hierarchy updated for 'AddContentDialog' in 0.0004 seconds. Added 0 classes and 0 folders.
[2018.03.02-09.20.16:611][  0]LogSlate: Took 0.000133 seconds to synchronously load lazily loaded font '../../../Engine/Content/Slate/Fonts/Roboto-Regular.ttf' (155K)
[2018.03.02-09.20.16:612][  0]LogSlate: Took 0.000113 seconds to synchronously load lazily loaded font '../../../Engine/Content/Slate/Fonts/Roboto-Bold.ttf' (160K)
[2018.03.02-09.20.16:654][  0]LogSlate: Took 0.016841 seconds to synchronously load lazily loaded font '../../../Engine/Content/Editor/Slate/Fonts/FontAwesome.ttf' (139K)
[2018.03.02-09.20.16:864][  0]LogRenderer: Reallocating scene render targets to support 552x568 NumSamples 1 (Frame:1).
[2018.03.02-09.20.17:122][  0]LogUObjectGlobals:Warning: Failed to find object 'Class None.'
[2018.03.02-09.20.17:168][  0]LogContentBrowser: Native class hierarchy updated for 'HierarchicalLODOutliner' in 0.0004 seconds. Added 1 classes and 2 folders.
[2018.03.02-09.20.17:168][  0]LogLoad: (Engine Initialization) Total time: 22.51 seconds
[2018.03.02-09.20.17:168][  0]LogLoad: (Engine Initialization) Total Blueprint compile time: 0.54 seconds
[2018.03.02-09.20.17:168][  0]LogExternalProfiler: Found external profiler: VSPerf
[2018.03.02-09.20.17:168][  0]LogExternalProfiler: Using external profiler: VSPerf
[2018.03.02-09.20.17:189][  0]LogOcInput: OculusInput pre-init called
[2018.03.02-09.20.17:189][  0]LogHMD: Starting GearVRController plugin
[2018.03.02-09.20.17:236][  0]LogContentStreaming: Texture pool size now 800 MB
[2018.03.02-09.20.17:480][  1]LogAssetRegistry: Asset discovery search completed in 16.6631 seconds
[2018.03.02-09.20.17:483][  1]LogCollectionManager: Rebuilt the object cache for 0 collections in 0.000001 seconds (found 0 objects)
[2018.03.02-09.20.17:484][  1]LogCollectionManager: Fixed up redirectors for 0 collections in 0.000032 seconds (updated 0 objects)
[2018.03.02-09.24.57:020][449]LogSlate: Took 0.011441 seconds to synchronously load lazily loaded font '../../../Engine/Content/Slate/Fonts/Roboto-Light.ttf' (159K)
[2018.03.02-09.24.57:246][449]LogAIModule: Creating AISystem for world TestDamageLevel
[2018.03.02-09.24.57:379][449]Cmd: MAP LOAD FILE="../../../../Unreal Projects/WEAPON_MOD_PROJECT/Content/FirstPersonBP/Maps/TestDamageLevel.umap" TEMPLATE=0 SHOWPROGRESS=1 FEATURELEVEL=3
[2018.03.02-09.24.57:379][449]LightingResults: New page: Lighting Build
[2018.03.02-09.24.57:379][449]LoadErrors: New page: Loading map: TestDamageLevel.umap
[2018.03.02-09.24.57:381][449]MapCheck: New page: Map Check
[2018.03.02-09.24.57:381][449]LightingResults: New page: Lighting Build
[2018.03.02-09.24.57:500][449]LogEditorServer: Finished looking for orphan Actors (0.000 secs)
[2018.03.02-09.24.57:527][449]Cmd: MAP CHECKDEP NOCLEARLOG
[2018.03.02-09.24.57:586][449]MapCheck: Info Map check complete: 0 Error(s), 0 Warning(s), took 58.473ms to complete.
[2018.03.02-09.24.57:587][449]LogFileHelpers: Loading map 'TestDamageLevel' took 0.209
[2018.03.02-09.24.58:958][601]LogTemp: Repeting last play command: Selected Viewport
[2018.03.02-09.24.59:329][601]LogBlueprintUserMessages: Early PlayInEditor Detection: Level '/Game/FirstPersonBP/Maps/TestDamageLevel.TestDamageLevel:PersistentLevel' has LevelScriptBlueprint '/Game/FirstPersonBP/Maps/TestDamageLevel.TestDamageLevel:PersistentLevel.TestDamageLevel' with GeneratedClass '/Game/FirstPersonBP/Maps/TestDamageLevel.TestDamageLevel_C' with ClassGeneratedBy '/Game/FirstPersonBP/Maps/TestDamageLevel.TestDamageLevel:PersistentLevel.TestDamageLevel'
[2018.03.02-09.24.59:329][601]LogPlayLevel: PlayLevel: No blueprints needed recompiling
[2018.03.02-09.24.59:361][601]PIE: New page: PIE session: TestDamageLevel (3 Mar 2018 07:24:59)
[2018.03.02-09.24.59:361][601]LogPlayLevel: Creating play world package: /Game/FirstPersonBP/Maps/UEDPIE_0_TestDamageLevel
[2018.03.02-09.24.59:406][601]LogPlayLevel: PIE: StaticDuplicateObject took: (0.045098s)
[2018.03.02-09.24.59:406][601]LogAIModule: Creating AISystem for world TestDamageLevel
[2018.03.02-09.24.59:406][601]LogPlayLevel: PIE: World Init took: (0.000529s)
[2018.03.02-09.24.59:407][601]LogPlayLevel: PIE: Created PIE world by copying editor world from /Game/FirstPersonBP/Maps/TestDamageLevel.TestDamageLevel to /Game/FirstPersonBP/Maps/UEDPIE_0_TestDamageLevel.TestDamageLevel (0.045852s)
[2018.03.02-09.24.59:427][601]LogInit: XAudio2 using 'Speakers (Sound Blaster Recon3Di)' : 2 channels at 48 kHz using 32 bits per sample (channel mask 0x3)
[2018.03.02-09.24.59:433][601]LogInit: FAudioDevice initialized.
[2018.03.02-09.24.59:482][601]LogLoad: Game class is 'FirstPersonGameMode_C'
[2018.03.02-09.24.59:497][601]LogWorld: Bringing World /Game/FirstPersonBP/Maps/UEDPIE_0_TestDamageLevel.TestDamageLevel up for play (max tick rate 0) at 2018.03.02-20.24.59
[2018.03.02-09.24.59:532][601]LogWorld: Bringing up level for play took: 0.040059
[2018.03.02-09.24.59:603][601]LogContentBrowser: Native class hierarchy updated for 'MovieSceneCapture' in 0.0006 seconds. Added 11 classes and 0 folders.
[2018.03.02-09.24.59:605][601]LogScript:Warning: Accessed None trying to read property K2Node_DynamicCast_AsFirst_Person_Character2
	Shop_C /Game/FirstPersonBP/Maps/UEDPIE_0_TestDamageLevel.TestDamageLevel:PersistentLevel.Shop_1077
	Function /Game/FirstPersonBP/Shop_BP/Shop_2017-11-27-16-40-11.Shop_C:ExecuteUbergraph_Shop:00A1
[2018.03.02-09.24.59:605][601]PIE:Error: Error Blueprint Runtime Error: Accessed None trying to read property K2Node_DynamicCast_AsFirst_Person_Character2 from function: 'ExecuteUbergraph_Shop' from node: Toggle Press E Vis in graph: EventGraph in object: Shop with description: Accessed None trying to read property K2Node_DynamicCast_AsFirst_Person_Character2
[2018.03.02-09.24.59:605][601]LogScript:Warning: Accessed None trying to read property K2Node_DynamicCast_AsFirst_Person_Character2
	Shop_C /Game/FirstPersonBP/Maps/UEDPIE_0_TestDamageLevel.TestDamageLevel:PersistentLevel.Shop_1077
	Function /Game/FirstPersonBP/Shop_BP/Shop_2017-11-27-16-40-11.Shop_C:ExecuteUbergraph_Shop:00A1
[2018.03.02-09.24.59:605][601]PIE:Error: Error Blueprint Runtime Error: Accessed None trying to read property K2Node_DynamicCast_AsFirst_Person_Character2 from function: 'ExecuteUbergraph_Shop' from node: Toggle Press E Vis in graph: EventGraph in object: Shop with description: Accessed None trying to read property K2Node_DynamicCast_AsFirst_Person_Character2
[2018.03.02-09.24.59:666][601]PIE: Info Play in editor start time for /Game/FirstPersonBP/Maps/UEDPIE_0_TestDamageLevel 0.954
[2018.03.02-09.24.59:666][601]LogBlueprintUserMessages: Late PlayInEditor Detection: Level '/Game/FirstPersonBP/Maps/TestDamageLevel.TestDamageLevel:PersistentLevel' has LevelScriptBlueprint '/Game/FirstPersonBP/Maps/TestDamageLevel.TestDamageLevel:PersistentLevel.TestDamageLevel' with GeneratedClass '/Game/FirstPersonBP/Maps/TestDamageLevel.TestDamageLevel_C' with ClassGeneratedBy '/Game/FirstPersonBP/Maps/TestDamageLevel.TestDamageLevel:PersistentLevel.TestDamageLevel'
[2018.03.02-09.24.59:750][602]LogCharacterMovement:Warning: GetSimulationTimeStep() - Max iterations 8 hit while remaining time 0.095251 > MaxSimulationTimeStep (0.050) for 'FirstPersonCharacter_C_0', movement 'Walking'
[2018.03.02-09.25.00:151][648]Cmd: LevelEditor.ToggleImmersive
[2018.03.02-09.25.00:309][649]LogRenderer: Reallocating scene render targets to support 1004x640 NumSamples 1 (Frame:49).
[2018.03.02-09.25.00:354][650]LogRenderer: Reallocating scene render targets to support 1280x684 NumSamples 1 (Frame:51).
[2018.03.02-09.25.27:684][920]LogBlueprintUserMessages: Early EndPlayMap Detection: Level '/Game/FirstPersonBP/Maps/TestDamageLevel.TestDamageLevel:PersistentLevel' has LevelScriptBlueprint '/Game/FirstPersonBP/Maps/TestDamageLevel.TestDamageLevel:PersistentLevel.TestDamageLevel' with GeneratedClass '/Game/FirstPersonBP/Maps/TestDamageLevel.TestDamageLevel_C' with ClassGeneratedBy '/Game/FirstPersonBP/Maps/TestDamageLevel.TestDamageLevel:PersistentLevel.TestDamageLevel'
[2018.03.02-09.25.27:761][920]LogBlueprintUserMessages: Late EndPlayMap Detection: Level '/Game/FirstPersonBP/Maps/TestDamageLevel.TestDamageLevel:PersistentLevel' has LevelScriptBlueprint '/Game/FirstPersonBP/Maps/TestDamageLevel.TestDamageLevel:PersistentLevel.TestDamageLevel' with GeneratedClass '/Game/FirstPersonBP/Maps/TestDamageLevel.TestDamageLevel_C' with ClassGeneratedBy '/Game/FirstPersonBP/Maps/TestDamageLevel.TestDamageLevel:PersistentLevel.TestDamageLevel'
[2018.03.02-09.25.28:209][950]LogTemp: Repeting last play command: Selected Viewport
[2018.03.02-09.25.28:221][950]LogBlueprintUserMessages: Early PlayInEditor Detection: Level '/Game/FirstPersonBP/Maps/TestDamageLevel.TestDamageLevel:PersistentLevel' has LevelScriptBlueprint '/Game/FirstPersonBP/Maps/TestDamageLevel.TestDamageLevel:PersistentLevel.TestDamageLevel' with GeneratedClass '/Game/FirstPersonBP/Maps/TestDamageLevel.TestDamageLevel_C' with ClassGeneratedBy '/Game/FirstPersonBP/Maps/TestDamageLevel.TestDamageLevel:PersistentLevel.TestDamageLevel'
[2018.03.02-09.25.28:221][950]LogPlayLevel: PlayLevel: No blueprints needed recompiling
[2018.03.02-09.25.28:221][950]PIE: New page: PIE session: TestDamageLevel (3 Mar 2018 07:25:28)
[2018.03.02-09.25.28:221][950]LogPlayLevel: Creating play world package: /Game/FirstPersonBP/Maps/UEDPIE_0_TestDamageLevel
[2018.03.02-09.25.28:241][950]LogPlayLevel: PIE: StaticDuplicateObject took: (0.020372s)
[2018.03.02-09.25.28:242][950]LogAIModule: Creating AISystem for world TestDamageLevel
[2018.03.02-09.25.28:242][950]LogPlayLevel: PIE: World Init took: (0.000423s)
[2018.03.02-09.25.28:242][950]LogPlayLevel: PIE: Created PIE world by copying editor world from /Game/FirstPersonBP/Maps/TestDamageLevel.TestDamageLevel to /Game/FirstPersonBP/Maps/UEDPIE_0_TestDamageLevel.TestDamageLevel (0.020985s)
[2018.03.02-09.25.28:258][950]LogInit: XAudio2 using 'Speakers (Sound Blaster Recon3Di)' : 2 channels at 48 kHz using 32 bits per sample (channel mask 0x3)
[2018.03.02-09.25.28:263][950]LogInit: FAudioDevice initialized.
[2018.03.02-09.25.28:296][950]LogLoad: Game class is 'FirstPersonGameMode_C'
[2018.03.02-09.25.28:302][950]LogWorld: Bringing World /Game/FirstPersonBP/Maps/UEDPIE_0_TestDamageLevel.TestDamageLevel up for play (max tick rate 0) at 2018.03.02-20.25.28
[2018.03.02-09.25.28:304][950]LogWorld: Bringing up level for play took: 0.006784
[2018.03.02-09.25.28:305][950]LogScript:Warning: Accessed None trying to read property K2Node_DynamicCast_AsFirst_Person_Character2
	Shop_C /Game/FirstPersonBP/Maps/UEDPIE_0_TestDamageLevel.TestDamageLevel:PersistentLevel.Shop_1077
	Function /Game/FirstPersonBP/Shop_BP/Shop_2017-11-27-16-40-11.Shop_C:ExecuteUbergraph_Shop:00A1
[2018.03.02-09.25.28:305][950]PIE:Error: Error Blueprint Runtime Error: Accessed None trying to read property K2Node_DynamicCast_AsFirst_Person_Character2 from function: 'ExecuteUbergraph_Shop' from node: Toggle Press E Vis in graph: EventGraph in object: Shop with description: Accessed None trying to read property K2Node_DynamicCast_AsFirst_Person_Character2
[2018.03.02-09.25.28:308][950]PIE: Info Play in editor start time for /Game/FirstPersonBP/Maps/UEDPIE_0_TestDamageLevel -0.405
[2018.03.02-09.25.28:308][950]LogBlueprintUserMessages: Late PlayInEditor Detection: Level '/Game/FirstPersonBP/Maps/TestDamageLevel.TestDamageLevel:PersistentLevel' has LevelScriptBlueprint '/Game/FirstPersonBP/Maps/TestDamageLevel.TestDamageLevel:PersistentLevel.TestDamageLevel' with GeneratedClass '/Game/FirstPersonBP/Maps/TestDamageLevel.TestDamageLevel_C' with ClassGeneratedBy '/Game/FirstPersonBP/Maps/TestDamageLevel.TestDamageLevel:PersistentLevel.TestDamageLevel'
[2018.03.02-09.25.46:278][105]LogScript:Warning: Accessed None trying to read property K2Node_DynamicCast_AsFirst_Person_Character2
	Shop_C /Game/FirstPersonBP/Maps/UEDPIE_0_TestDamageLevel.TestDamageLevel:PersistentLevel.Shop_1077
	Function /Game/FirstPersonBP/Shop_BP/Shop_2017-11-27-16-40-11.Shop_C:ExecuteUbergraph_Shop:00A1
[2018.03.02-09.25.46:278][105]PIE:Error: Error Blueprint Runtime Error: Accessed None trying to read property K2Node_DynamicCast_AsFirst_Person_Character2 from function: 'ExecuteUbergraph_Shop' from node: Toggle Press E Vis in graph: EventGraph in object: Shop with description: Accessed None trying to read property K2Node_DynamicCast_AsFirst_Person_Character2
[2018.03.02-09.25.47:579][261]LogBlueprintUserMessages: [WeaponPartPickupPreset11] 0
[2018.03.02-09.25.47:720][278]LogBlueprintUserMessages: [WeaponPartPickupPreset10] 1
[2018.03.02-09.25.47:854][294]LogBlueprintUserMessages: [WeaponPartPickupPreset9] 2
[2018.03.02-09.25.47:971][308]LogBlueprintUserMessages: [WeaponPartPickupPreset8] 3
[2018.03.02-09.25.48:104][324]LogBlueprintUserMessages: [WeaponPartPickupPreset7] 4
[2018.03.02-09.25.48:237][340]LogBlueprintUserMessages: [WeaponPartPickupPreset6] 5
[2018.03.02-09.25.48:370][356]LogBlueprintUserMessages: [WeaponPartPickupPreset5] 6
[2018.03.02-09.25.48:504][372]LogBlueprintUserMessages: [WeaponPartPickupPreset4] 7
[2018.03.02-09.25.48:637][388]LogBlueprintUserMessages: [WeaponPartPickupPreset3] 8
[2018.03.02-09.25.48:771][404]LogBlueprintUserMessages: [WeaponPartPickupPreset2] 9
[2018.03.02-09.25.48:904][420]LogBlueprintUserMessages: [WeaponPartPickupPreset_486] 10
[2018.03.02-09.26.23:348][545]LogBlueprintUserMessages: Early EndPlayMap Detection: Level '/Game/FirstPersonBP/Maps/TestDamageLevel.TestDamageLevel:PersistentLevel' has LevelScriptBlueprint '/Game/FirstPersonBP/Maps/TestDamageLevel.TestDamageLevel:PersistentLevel.TestDamageLevel' with GeneratedClass '/Game/FirstPersonBP/Maps/TestDamageLevel.TestDamageLevel_C' with ClassGeneratedBy '/Game/FirstPersonBP/Maps/TestDamageLevel.TestDamageLevel:PersistentLevel.TestDamageLevel'
[2018.03.02-09.26.23:379][545]LogBlueprintUserMessages: Late EndPlayMap Detection: Level '/Game/FirstPersonBP/Maps/TestDamageLevel.TestDamageLevel:PersistentLevel' has LevelScriptBlueprint '/Game/FirstPersonBP/Maps/TestDamageLevel.TestDamageLevel:PersistentLevel.TestDamageLevel' with GeneratedClass '/Game/FirstPersonBP/Maps/TestDamageLevel.TestDamageLevel_C' with ClassGeneratedBy '/Game/FirstPersonBP/Maps/TestDamageLevel.TestDamageLevel:PersistentLevel.TestDamageLevel'
[2018.03.02-09.28.53:538][777]LogWindowsTextInputMethodSystem:Display: IME system now deactivated.
[2018.03.02-09.28.53:717][778]Cmd: QUIT_EDITOR
[2018.03.02-09.28.54:566][778]LogExit: Preparing to exit.
[2018.03.02-09.28.55:098][778]LogDirectoryWatcher: A directory notification for 'G:/Unreal Projects/WEAPON_MOD_PROJECT/Content/' was aborted.
[2018.03.02-09.28.55:123][778]LogExit: Editor shut down
[2018.03.02-09.28.55:126][778]LogExit: Transaction tracking system shut down
[2018.03.02-09.28.55:174][778]LogObj: Freed 0b from 0 cluster array pools.
[2018.03.02-09.28.55:174][778]LogExit: Object subsystem successfully closed.
[2018.03.02-09.28.55:187][778]LogD3D11RHI: Shutdown
[2018.03.02-09.28.55:187][778]LogD3D11RHI: CleanupD3DDevice
[2018.03.02-09.28.55:270][778]LogD3D11RHI: ~FD3D11DynamicRHI
[2018.03.02-09.28.55:275][778]LogModuleManager: Shutting down and abandoning module MovieSceneCapture (526)
[2018.03.02-09.28.55:275][778]LogModuleManager: Shutting down and abandoning module HierarchicalLODOutliner (524)
[2018.03.02-09.28.55:275][778]LogModuleManager: Shutting down and abandoning module AddContentDialog (522)
[2018.03.02-09.28.55:292][778]LogDirectoryWatcher: A directory notification for 'G:/UE_4.16/FeaturePacks/' was aborted.
[2018.03.02-09.28.55:293][778]LogModuleManager: Shutting down and abandoning module WidgetCarousel (521)
[2018.03.02-09.28.55:293][778]LogModuleManager: Shutting down and abandoning module EditorWidgets (518)
[2018.03.02-09.28.55:293][778]LogModuleManager: Shutting down and abandoning module CollectionManager (516)
[2018.03.02-09.28.55:293][778]LogDirectoryWatcher: A directory notification for 'G:/Unreal Projects/WEAPON_MOD_PROJECT/Content/Collections/' was aborted.
[2018.03.02-09.28.55:293][778]LogDirectoryWatcher: A directory notification for 'G:/Unreal Projects/WEAPON_MOD_PROJECT/Content/Developers/petermiller/Collections/' was aborted.
[2018.03.02-09.28.55:293][778]LogDirectoryWatcher: A directory notification for 'G:/Unreal Projects/WEAPON_MOD_PROJECT/Saved/Collections/' was aborted.
[2018.03.02-09.28.55:293][778]LogModuleManager: Shutting down and abandoning module CrashTracker (514)
[2018.03.02-09.28.55:293][778]LogModuleManager: Shutting down and abandoning module SceneOutliner (512)
[2018.03.02-09.28.55:293][778]LogModuleManager: Shutting down and abandoning module StatsViewer (510)
[2018.03.02-09.28.55:293][778]LogModuleManager: Shutting down and abandoning module FoliageEdit (508)
[2018.03.02-09.28.55:293][778]LogModuleManager: Shutting down and abandoning module LandscapeEditor (506)
[2018.03.02-09.28.55:293][778]LogModuleManager: Shutting down and abandoning module MeshPaintMode (504)
[2018.03.02-09.28.55:293][778]LogModuleManager: Shutting down and abandoning module SceneDepthPickerMode (502)
[2018.03.02-09.28.55:293][778]LogModuleManager: Shutting down and abandoning module ActorPickerMode (500)
[2018.03.02-09.28.55:293][778]LogModuleManager: Shutting down and abandoning module GeometryMode (498)
[2018.03.02-09.28.55:293][778]LogModuleManager: Shutting down and abandoning module TextureAlignMode (496)
[2018.03.02-09.28.55:293][778]LogModuleManager: Shutting down and abandoning module BspMode (494)
[2018.03.02-09.28.55:293][778]LogModuleManager: Shutting down and abandoning module HardwareSurvey (492)
[2018.03.02-09.28.55:293][778]LogModuleManager: Shutting down and abandoning module SequenceRecorderSections (490)
[2018.03.02-09.28.55:293][778]LogModuleManager: Shutting down and abandoning module AutomationWorker (488)
[2018.03.02-09.28.55:293][778]LogModuleManager: Shutting down and abandoning module MatineeToLevelSequence (486)
[2018.03.02-09.28.55:293][778]LogModuleManager: Shutting down and abandoning module LevelSequenceEditor (484)
[2018.03.02-09.28.55:293][778]LogModuleManager: Shutting down and abandoning module PlacementMode (483)
[2018.03.02-09.28.55:293][778]LogModuleManager: Shutting down and abandoning module WmfMediaFactory (480)
[2018.03.02-09.28.55:293][778]LogModuleManager: Shutting down and abandoning module WmfMediaEditor (478)
[2018.03.02-09.28.55:293][778]LogModuleManager: Shutting down and abandoning module AvfMediaFactory (476)
[2018.03.02-09.28.55:293][778]LogModuleManager: Shutting down and abandoning module AvfMediaEditor (474)
[2018.03.02-09.28.55:293][778]LogModuleManager: Shutting down and abandoning module AndroidMediaFactory (472)
[2018.03.02-09.28.55:293][778]LogModuleManager: Shutting down and abandoning module Media (471)
[2018.03.02-09.28.55:293][778]LogModuleManager: Shutting down and abandoning module AndroidMediaEditor (468)
[2018.03.02-09.28.55:293][778]LogModuleManager: Shutting down and abandoning module CharacterAI (466)
[2018.03.02-09.28.55:293][778]LogModuleManager: Shutting down and abandoning module AudioCapture (464)
[2018.03.02-09.28.55:293][778]LogModuleManager: Shutting down and abandoning module SequenceRecorder (463)
[2018.03.02-09.28.55:293][778]LogModuleManager: Shutting down and abandoning module SmartSnapping (460)
[2018.03.02-09.28.55:293][778]LogModuleManager: Shutting down and abandoning module SessionServices (458)
[2018.03.02-09.28.55:293][778]LogModuleManager: Shutting down and abandoning module ViewportSnapping (456)
[2018.03.02-09.28.55:293][778]LogModuleManager: Shutting down and abandoning module ViewportInteraction (454)
[2018.03.02-09.28.55:293][778]LogModuleManager: Shutting down and abandoning module ClothPainter (452)
[2018.03.02-09.28.55:293][778]LogModuleManager: Shutting down and abandoning module LogVisualizer (450)
[2018.03.02-09.28.55:293][778]LogModuleManager: Shutting down and abandoning module IntroTutorials (448)
[2018.03.02-09.28.55:293][778]LogModuleManager: Shutting down and abandoning module GameProjectGeneration (447)
[2018.03.02-09.28.55:293][778]LogModuleManager: Shutting down and abandoning module EditorLiveStreaming (444)
[2018.03.02-09.28.55:293][778]LogModuleManager: Shutting down and abandoning module IOSPlatformEditor (442)
[2018.03.02-09.28.55:293][778]LogModuleManager: Shutting down and abandoning module HTML5PlatformEditor (440)
[2018.03.02-09.28.55:293][778]LogModuleManager: Shutting down and abandoning module AndroidPlatformEditor (438)
[2018.03.02-09.28.55:293][778]LogModuleManager: Shutting down and abandoning module AndroidDeviceDetection (437)
[2018.03.02-09.28.55:678][778]LogModuleManager: Shutting down and abandoning module IOSRuntimeSettings (434)
[2018.03.02-09.28.55:678][778]LogModuleManager: Shutting down and abandoning module AndroidRuntimeSettings (432)
[2018.03.02-09.28.55:678][778]LogModuleManager: Shutting down and abandoning module InputBindingEditor (430)
[2018.03.02-09.28.55:678][778]LogModuleManager: Shutting down and abandoning module MergeActors (428)
[2018.03.02-09.28.55:678][778]LogModuleManager: Shutting down and abandoning module SizeMap (426)
[2018.03.02-09.28.55:678][778]LogModuleManager: Shutting down and abandoning module TreeMap (424)
[2018.03.02-09.28.55:678][778]LogModuleManager: Shutting down and abandoning module ReferenceViewer (422)
[2018.03.02-09.28.55:678][778]LogModuleManager: Shutting down and abandoning module LocalizationDashboard (420)
[2018.03.02-09.28.55:678][778]LogModuleManager: Shutting down and abandoning module LocalizationService (419)
[2018.03.02-09.28.55:678][778]LogModuleManager: Shutting down and abandoning module HardwareTargeting (416)
[2018.03.02-09.28.55:678][778]LogModuleManager: Shutting down and abandoning module DeviceProfileEditor (414)
[2018.03.02-09.28.55:678][778]LogModuleManager: Shutting down and abandoning module UndoHistory (412)
[2018.03.02-09.28.55:678][778]LogModuleManager: Shutting down and abandoning module UserFeedback (410)
[2018.03.02-09.28.55:678][778]LogModuleManager: Shutting down and abandoning module XmlParser (408)
[2018.03.02-09.28.55:678][778]LogModuleManager: Shutting down and abandoning module Blutility (406)
[2018.03.02-09.28.55:678][778]LogModuleManager: Shutting down and abandoning module ProjectSettingsViewer (404)
[2018.03.02-09.28.55:678][778]LogModuleManager: Shutting down and abandoning module ProjectTargetPlatformEditor (403)
[2018.03.02-09.28.55:678][778]LogModuleManager: Shutting down and abandoning module EditorSettingsViewer (400)
[2018.03.02-09.28.55:678][778]LogModuleManager: Shutting down and abandoning module SettingsEditor (398)
[2018.03.02-09.28.55:678][778]LogModuleManager: Shutting down and abandoning module ProjectLauncher (396)
[2018.03.02-09.28.55:678][778]LogModuleManager: Shutting down and abandoning module SessionFrontend (394)
[2018.03.02-09.28.55:678][778]LogModuleManager: Shutting down and abandoning module ProfilerClient (392)
[2018.03.02-09.28.55:678][778]LogModuleManager: Shutting down and abandoning module DeviceManager (390)
[2018.03.02-09.28.55:678][778]LogModuleManager: Shutting down and abandoning module TargetDeviceServices (389)
[2018.03.02-09.28.55:722][778]LogModuleManager: Shutting down and abandoning module AutomationController (386)
[2018.03.02-09.28.55:722][778]LogModuleManager: Shutting down and abandoning module AutomationWindow (384)
[2018.03.02-09.28.55:722][778]LogModuleManager: Shutting down and abandoning module Layers (382)
[2018.03.02-09.28.55:722][778]LogModuleManager: Shutting down and abandoning module ComponentVisualizers (380)
[2018.03.02-09.28.55:722][778]LogModuleManager: Shutting down and abandoning module DetailCustomizations (378)
[2018.03.02-09.28.55:722][778]LogModuleManager: Shutting down and abandoning module PackagesDialog (376)
[2018.03.02-09.28.55:722][778]LogModuleManager: Shutting down and abandoning module Persona (374)
[2018.03.02-09.28.55:722][778]LogModuleManager: Shutting down and abandoning module AdvancedPreviewScene (373)
[2018.03.02-09.28.55:722][778]LogModuleManager: Shutting down and abandoning module AnimGraph (371)
[2018.03.02-09.28.55:722][778]LogModuleManager: Shutting down and abandoning module Kismet (368)
[2018.03.02-09.28.55:723][778]LogModuleManager: Shutting down and abandoning module ClassViewer (366)
[2018.03.02-09.28.55:723][778]LogModuleManager: Shutting down and abandoning module Toolbox (364)
[2018.03.02-09.28.55:723][778]LogModuleManager: Shutting down and abandoning module ModuleUI (362)
[2018.03.02-09.28.55:723][778]LogModuleManager: Shutting down and abandoning module MovieSceneTools (360)
[2018.03.02-09.28.55:723][778]LogModuleManager: Shutting down and abandoning module OutputLog (358)
[2018.03.02-09.28.55:723][778]LogModuleManager: Shutting down and abandoning module GammaUI (356)
[2018.03.02-09.28.55:723][778]LogModuleManager: Shutting down and abandoning module Documentation (354)
[2018.03.02-09.28.55:723][778]LogModuleManager: Shutting down and abandoning module MovieSceneTracks (352)
[2018.03.02-09.28.55:723][778]LogModuleManager: Shutting down and abandoning module MovieScene (350)
[2018.03.02-09.28.55:723][778]LogModuleManager: Shutting down and abandoning module Niagara (348)
[2018.03.02-09.28.55:723][778]LogModuleManager: Shutting down and abandoning module NiagaraEditor (347)
[2018.03.02-09.28.55:723][778]LogModuleManager: Shutting down and abandoning module StreamingPauseRendering (344)
[2018.03.02-09.28.55:723][778]LogModuleManager: Shutting down and abandoning module AnalyticsET (342)
[2018.03.02-09.28.55:723][778]LogModuleManager: Shutting down and abandoning module PortalServices (340)
[2018.03.02-09.28.55:723][778]LogModuleManager: Shutting down and abandoning module PortalRpc (338)
[2018.03.02-09.28.55:723][778]LogModuleManager: Shutting down and abandoning module MessagingRpc (336)
[2018.03.02-09.28.55:723][778]LogModuleManager: Shutting down and abandoning module AIModule (334)
[2018.03.02-09.28.55:723][778]LogModuleManager: Shutting down and abandoning module GameplayDebugger (333)
[2018.03.02-09.28.55:723][778]LogModuleManager: Shutting down and abandoning module AITestSuite (331)
[2018.03.02-09.28.55:723][778]LogModuleManager: Shutting down and abandoning module ProfilerService (328)
[2018.03.02-09.28.55:772][778]LogModuleManager: Shutting down and abandoning module TaskGraph (326)
[2018.03.02-09.28.55:772][778]LogModuleManager: Shutting down and abandoning module SteamVRController (324)
[2018.03.02-09.28.55:772][778]LogModuleManager: Shutting down and abandoning module SteamVR (322)
[2018.03.02-09.28.55:772][778]LogModuleManager: Shutting down and abandoning module ProceduralMeshComponentEditor (320)
[2018.03.02-09.28.55:772][778]LogModuleManager: Shutting down and abandoning module ProceduralMeshComponent (318)
[2018.03.02-09.28.55:772][778]LogModuleManager: Shutting down and abandoning module OculusLibrary (316)
[2018.03.02-09.28.55:772][778]LogModuleManager: Shutting down and abandoning module OculusInput (314)
[2018.03.02-09.28.55:772][778]LogModuleManager: Shutting down and abandoning module MobilePatchingUtils (312)
[2018.03.02-09.28.55:772][778]LogModuleManager: Shutting down and abandoning module CustomMeshComponent (310)
[2018.03.02-09.28.55:772][778]LogModuleManager: Shutting down and abandoning module CableComponent (308)
[2018.03.02-09.28.55:772][778]LogModuleManager: Shutting down and abandoning module ArchVisCharacter (306)
[2018.03.02-09.28.55:772][778]LogModuleManager: Shutting down and abandoning module AndroidPermission (304)
[2018.03.02-09.28.55:772][778]LogModuleManager: Shutting down and abandoning module MediaPlayerEditor (300)
[2018.03.02-09.28.55:772][778]LogModuleManager: Shutting down and abandoning module HTML5Networking (298)
[2018.03.02-09.28.55:772][778]LogModuleManager: Shutting down and abandoning module AlembicImporter (296)
[2018.03.02-09.28.55:772][778]LogModuleManager: Shutting down and abandoning module AlembicLibrary (295)
[2018.03.02-09.28.55:772][778]LogModuleManager: Shutting down and abandoning module GeometryCache (294)
[2018.03.02-09.28.55:772][778]LogModuleManager: Shutting down and abandoning module GeometryCacheEd (293)
[2018.03.02-09.28.55:772][778]LogModuleManager: Shutting down and abandoning module SuperSearchEditor (288)
[2018.03.02-09.28.55:772][778]LogModuleManager: Shutting down and abandoning module SuperSearch (287)
[2018.03.02-09.28.55:772][778]LogModuleManager: Shutting down and abandoning module SpeedTreeImporter (284)
[2018.03.02-09.28.55:772][778]LogModuleManager: Shutting down and abandoning module PluginBrowser (282)
[2018.03.02-09.28.55:772][778]LogModuleManager: Shutting down and abandoning module MobileLauncherProfileWizard (280)
[2018.03.02-09.28.55:772][778]LogModuleManager: Shutting down and abandoning module VisualStudioSourceCodeAccess (278)
[2018.03.02-09.28.55:772][778]LogModuleManager: Shutting down and abandoning module DesktopPlatform (277)
[2018.03.02-09.28.55:772][778]LogModuleManager: Shutting down and abandoning module UObjectPlugin (274)
[2018.03.02-09.28.55:772][778]LogModuleManager: Shutting down and abandoning module SubversionSourceControl (272)
[2018.03.02-09.28.55:772][778]LogModuleManager: Shutting down and abandoning module PerforceSourceControl (270)
[2018.03.02-09.28.55:772][778]LogModuleManager: Shutting down and abandoning module GitSourceControl (268)
[2018.03.02-09.28.55:772][778]LogModuleManager: Shutting down and abandoning module SourceControl (267)
[2018.03.02-09.28.55:772][778]LogModuleManager: Shutting down and abandoning module LightPropagationVolumeEditor (264)
[2018.03.02-09.28.55:772][778]LogModuleManager: Shutting down and abandoning module PaperTiledImporter (262)
[2018.03.02-09.28.55:772][778]LogModuleManager: Shutting down and abandoning module PaperSpriteSheetImporter (260)
[2018.03.02-09.28.55:772][778]LogModuleManager: Shutting down and abandoning module Paper2DEditor (258)
[2018.03.02-09.28.55:772][778]LogModuleManager: Shutting down and abandoning module MeshPaint (257)
[2018.03.02-09.28.55:772][778]LogModuleManager: Shutting down and abandoning module LevelEditor (255)
[2018.03.02-09.28.55:773][778]LogModuleManager: Shutting down and abandoning module PixelInspectorModule (254)
[2018.03.02-09.28.55:773][778]LogModuleManager: Shutting down and abandoning module MainFrame (252)
[2018.03.02-09.28.55:773][778]LogModuleManager: Shutting down and abandoning module HotReload (251)
[2018.03.02-09.28.55:773][778]LogModuleManager: Shutting down and abandoning module PhysXVehiclesEditor (246)
[2018.03.02-09.28.55:773][778]LogModuleManager: Shutting down and abandoning module PhysXVehicles (244)
[2018.03.02-09.28.55:773][778]LogModuleManager: Shutting down and abandoning module LocationServicesBPLibrary (242)
[2018.03.02-09.28.55:773][778]LogModuleManager: Shutting down and abandoning module ImmediatePhysicsEditor (240)
[2018.03.02-09.28.55:773][778]LogModuleManager: Shutting down and abandoning module ImmediatePhysics (238)
[2018.03.02-09.28.55:773][778]LogModuleManager: Shutting down and abandoning module UdpMessaging (236)
[2018.03.02-09.28.55:873][778]LogModuleManager: Shutting down and abandoning module TcpMessaging (234)
[2018.03.02-09.28.55:974][778]LogModuleManager: Shutting down and abandoning module GameplayTagsEditor (232)
[2018.03.02-09.28.55:974][778]LogModuleManager: Shutting down and abandoning module FacialAnimationEditor (230)
[2018.03.02-09.28.55:974][778]LogModuleManager: Shutting down and abandoning module FacialAnimation (228)
[2018.03.02-09.28.55:974][778]LogModuleManager: Shutting down and abandoning module AssetManagerEditor (226)
[2018.03.02-09.28.55:974][778]LogModuleManager: Shutting down and abandoning module GraphEditor (225)
[2018.03.02-09.28.55:974][778]LogModuleManager: Shutting down and abandoning module ContentBrowser (223)
[2018.03.02-09.28.55:974][778]LogModuleManager: Shutting down and abandoning module LightPropagationVolumeRuntime (220)
[2018.03.02-09.28.55:974][778]LogModuleManager: Shutting down and abandoning module Paper2D (218)
[2018.03.02-09.28.55:974][778]LogModuleManager: Shutting down and abandoning module WindowsMoviePlayer (216)
[2018.03.02-09.28.55:974][778]LogModuleManager: Shutting down and abandoning module WmfMedia (214)
[2018.03.02-09.28.55:975][778]LogModuleManager: Shutting down and abandoning module ClothingSystemEditor (212)
[2018.03.02-09.28.55:975][778]LogModuleManager: Shutting down and abandoning module ClothingSystemRuntime (210)
[2018.03.02-09.28.55:975][778]LogModuleManager: Shutting down and abandoning module MediaAssets (208)
[2018.03.02-09.28.55:975][778]LogModuleManager: Shutting down and abandoning module GameLiveStreaming (206)
[2018.03.02-09.28.55:975][778]LogModuleManager: Shutting down and abandoning module VREditor (204)
[2018.03.02-09.28.55:975][778]LogModuleManager: Shutting down and abandoning module StringTableEditor (202)
[2018.03.02-09.28.55:975][778]LogModuleManager: Shutting down and abandoning module GameplayTasksEditor (200)
[2018.03.02-09.28.55:975][778]LogModuleManager: Shutting down and abandoning module BehaviorTreeEditor (198)
[2018.03.02-09.28.55:975][778]LogModuleManager: Shutting down and abandoning module FunctionalTesting (196)
[2018.03.02-09.28.55:975][778]LogModuleManager: Shutting down and abandoning module CollisionAnalyzer (194)
[2018.03.02-09.28.55:975][778]LogModuleManager: Shutting down and abandoning module UMG (192)
[2018.03.02-09.28.55:975][778]LogModuleManager: Shutting down and abandoning module UMGEditor (191)
[2018.03.02-09.28.55:975][778]LogModuleManager: Shutting down and abandoning module Sequencer (190)
[2018.03.02-09.28.55:975][778]LogModuleManager: Shutting down and abandoning module AssetTools (188)
[2018.03.02-09.28.55:975][778]LogModuleManager: Shutting down and abandoning module MessageLog (187)
[2018.03.02-09.28.55:975][778]LogModuleManager: Shutting down and abandoning module WorkspaceMenuStructure (186)
[2018.03.02-09.28.55:975][778]LogModuleManager: Shutting down and abandoning module SlateReflector (180)
[2018.03.02-09.28.55:975][778]LogModuleManager: Shutting down and abandoning module Slate (178)
[2018.03.02-09.28.55:975][778]LogModuleManager: Shutting down and abandoning module EditorStyle (176)
[2018.03.02-09.28.55:976][778]LogModuleManager: Shutting down and abandoning module SourceCodeAccess (174)
[2018.03.02-09.28.55:976][778]LogModuleManager: Shutting down and abandoning module HeadMountedDisplay (172)
[2018.03.02-09.28.55:976][778]LogModuleManager: Shutting down and abandoning module XAudio2 (170)
[2018.03.02-09.28.55:976][778]LogModuleManager: Shutting down and abandoning module Networking (168)
[2018.03.02-09.28.55:976][778]LogModuleManager: Shutting down and abandoning module Core (164)
[2018.03.02-09.28.55:976][778]LogModuleManager: Shutting down and abandoning module AssetRegistry (162)
[2018.03.02-09.28.56:095][778]LogDirectoryWatcher: A directory notification for '../../../Engine/Content/' was aborted.
[2018.03.02-09.28.56:095][778]LogDirectoryWatcher: A directory notification for '../../../../Unreal Projects/WEAPON_MOD_PROJECT/Content/' was aborted.
[2018.03.02-09.28.56:095][778]LogDirectoryWatcher: A directory notification for '../../../Engine/Plugins/2D/Paper2D/Content/' was aborted.
[2018.03.02-09.28.56:095][778]LogDirectoryWatcher: A directory notification for '../../../Engine/Plugins/Runtime/GearVR/Content/' was aborted.
[2018.03.02-09.28.56:098][778]LogModuleManager: Shutting down and abandoning module DirectoryWatcher (161)
[2018.03.02-09.28.56:098][778]LogModuleManager: Shutting down and abandoning module KismetCompiler (158)
[2018.03.02-09.28.56:098][778]LogModuleManager: Shutting down and abandoning module LevelSequence (156)
[2018.03.02-09.28.56:098][778]LogModuleManager: Shutting down and abandoning module PhysXFormats (154)
[2018.03.02-09.28.56:098][778]LogModuleManager: Shutting down and abandoning module MeshUtilities (152)
[2018.03.02-09.28.56:098][778]LogModuleManager: Shutting down and abandoning module SimplygonSwarm (151)
[2018.03.02-09.28.56:098][778]LogModuleManager: Shutting down and abandoning module SimplygonMeshReduction (149)
[2018.03.02-09.28.56:098][778]LogModuleManager: Shutting down and abandoning module QuadricMeshReduction (147)
[2018.03.02-09.28.56:098][778]LogModuleManager: Shutting down and abandoning module DerivedDataCache (144)
[2018.03.02-09.28.56:148][778]LogDerivedDataCache: Shutdown
[2018.03.02-09.28.56:148][778]LogModuleManager: Shutting down and abandoning module TargetPlatform (142)
[2018.03.02-09.28.56:148][778]LogModuleManager: Shutting down and abandoning module VulkanShaderFormat (141)
[2018.03.02-09.28.56:148][778]LogModuleManager: Shutting down and abandoning module ShaderFormatVectorVM (139)
[2018.03.02-09.28.56:148][778]LogModuleManager: Shutting down and abandoning module ShaderFormatOpenGL (137)
[2018.03.02-09.28.56:148][778]LogModuleManager: Shutting down and abandoning module ShaderFormatD3D (135)
[2018.03.02-09.28.56:148][778]LogModuleManager: Shutting down and abandoning module MetalShaderFormat (133)
[2018.03.02-09.28.56:148][778]LogModuleManager: Shutting down and abandoning module TextureFormatUncompressed (131)
[2018.03.02-09.28.56:148][778]LogModuleManager: Shutting down and abandoning module TextureFormatPVR (129)
[2018.03.02-09.28.56:148][778]LogModuleManager: Shutting down and abandoning module TextureFormatDXT (127)
[2018.03.02-09.28.56:148][778]LogModuleManager: Shutting down and abandoning module TextureFormatIntelISPCTexComp (125)
[2018.03.02-09.28.56:148][778]LogModuleManager: Shutting down and abandoning module TextureFormatASTC (123)
[2018.03.02-09.28.56:148][778]LogModuleManager: Shutting down and abandoning module ImageWrapper (122)
[2018.03.02-09.28.56:148][778]LogModuleManager: Shutting down and abandoning module TextureFormatAndroid (119)
[2018.03.02-09.28.56:148][778]LogModuleManager: Shutting down and abandoning module AudioFormatOpus (117)
[2018.03.02-09.28.56:148][778]LogModuleManager: Shutting down and abandoning module AudioFormatOgg (115)
[2018.03.02-09.28.56:148][778]LogModuleManager: Shutting down and abandoning module AudioFormatADPCM (113)
[2018.03.02-09.28.56:148][778]LogModuleManager: Shutting down and abandoning module LinuxTargetPlatform (111)
[2018.03.02-09.28.56:148][778]LogModuleManager: Shutting down and abandoning module LinuxServerTargetPlatform (109)
[2018.03.02-09.28.56:148][778]LogModuleManager: Shutting down and abandoning module LinuxNoEditorTargetPlatform (107)
[2018.03.02-09.28.56:148][778]LogModuleManager: Shutting down and abandoning module LinuxClientTargetPlatform (105)
[2018.03.02-09.28.56:148][778]LogModuleManager: Shutting down and abandoning module TVOSTargetPlatform (103)
[2018.03.02-09.28.56:148][778]LogModuleManager: Shutting down and abandoning module Messaging (101)
[2018.03.02-09.28.56:148][778]LogModuleManager: Shutting down and abandoning module IOSTargetPlatform (99)
[2018.03.02-09.28.56:148][778]LogModuleManager: Shutting down and abandoning module HTML5TargetPlatform (97)
[2018.03.02-09.28.56:148][778]LogModuleManager: Shutting down and abandoning module Android_PVRTCTargetPlatform (95)
[2018.03.02-09.28.56:148][778]LogModuleManager: Shutting down and abandoning module Android_MultiTargetPlatform (93)
[2018.03.02-09.28.56:148][778]LogModuleManager: Shutting down and abandoning module Android_ETC2TargetPlatform (91)
[2018.03.02-09.28.56:148][778]LogModuleManager: Shutting down and abandoning module Android_ETC1TargetPlatform (89)
[2018.03.02-09.28.56:148][778]LogModuleManager: Shutting down and abandoning module Android_DXTTargetPlatform (87)
[2018.03.02-09.28.56:148][778]LogModuleManager: Shutting down and abandoning module Android_ATCTargetPlatform (85)
[2018.03.02-09.28.56:148][778]LogModuleManager: Shutting down and abandoning module Android_ASTCTargetPlatform (83)
[2018.03.02-09.28.56:148][778]LogModuleManager: Shutting down and abandoning module AndroidTargetPlatform (81)
[2018.03.02-09.28.56:148][778]LogModuleManager: Shutting down and abandoning module WindowsTargetPlatform (79)
[2018.03.02-09.28.56:148][778]LogModuleManager: Shutting down and abandoning module WindowsServerTargetPlatform (77)
[2018.03.02-09.28.56:148][778]LogModuleManager: Shutting down and abandoning module WindowsNoEditorTargetPlatform (75)
[2018.03.02-09.28.56:148][778]LogModuleManager: Shutting down and abandoning module WindowsClientTargetPlatform (73)
[2018.03.02-09.28.56:148][778]LogModuleManager: Shutting down and abandoning module MacTargetPlatform (71)
[2018.03.02-09.28.56:148][778]LogModuleManager: Shutting down and abandoning module MacServerTargetPlatform (69)
[2018.03.02-09.28.56:148][778]LogModuleManager: Shutting down and abandoning module MacNoEditorTargetPlatform (67)
[2018.03.02-09.28.56:148][778]LogModuleManager: Shutting down and abandoning module MacClientTargetPlatform (65)
[2018.03.02-09.28.56:148][778]LogModuleManager: Shutting down and abandoning module AllDesktopTargetPlatform (63)
[2018.03.02-09.28.56:148][778]LogModuleManager: Shutting down and abandoning module InputCore (60)
[2018.03.02-09.28.56:148][778]LogModuleManager: Shutting down and abandoning module Settings (58)
[2018.03.02-09.28.56:148][778]LogModuleManager: Shutting down and abandoning module OculusRift (56)
[2018.03.02-09.28.56:148][778]LogModuleManager: Shutting down and abandoning module GearVRController (54)
[2018.03.02-09.28.56:148][778]LogModuleManager: Shutting down and abandoning module GearVR (52)
[2018.03.02-09.28.56:148][778]LogModuleManager: Shutting down and abandoning module ExampleDeviceProfileSelector (50)
[2018.03.02-09.28.56:148][778]LogModuleManager: Shutting down and abandoning module OnlineBlueprintSupport (48)
[2018.03.02-09.28.56:148][778]LogModuleManager: Shutting down and abandoning module OnlineSubsystem (44)
[2018.03.02-09.28.56:148][778]LogOnline:Display: Unloading online subsystem: NULL
[2018.03.02-09.28.56:148][778]LogModuleManager: Shutting down and abandoning module XMPP (43)
[2018.03.02-09.28.56:149][778]LogModuleManager: Shutting down and abandoning module HTTP (41)
[2018.03.02-09.28.56:149][778]LogHttp:Display: Http module shutting down, but needs to wait on 1 outstanding Http requests:
[2018.03.02-09.28.56:149][778]LogHttp:Display: 	verb=[POST] url=[https://datarouter.ol.epicgames.com/datarouter/api/v1/public/data?SessionID=%7BDAB60ACC-46A1-502F-0941-7DBAB2865459%7D&AppID=UEEditor.Rocket.Release&AppVersion=4.16.3-3561208%2B%2B%2BUE4%2BRelease-4.16&UserID=63c36a294e5cbd714efbeaaf5148d2be%7C3fc7e5e24de8468cb5a844b9ebb9b022%7C7858ea1f-7428-4843-aede-10fc2c5d527d&AppEnvironment=datacollector-binary&UploadType=eteventstream] status=Processing
[2018.03.02-09.28.56:167][778]LogModuleManager: Shutting down and abandoning module SSL (40)
[2018.03.02-09.28.56:168][778]LogModuleManager: Shutting down and abandoning module HTTPChunkInstaller (36)
[2018.03.02-09.28.56:168][778]LogModuleManager: Shutting down and abandoning module AnimationModifiers (34)
[2018.03.02-09.28.56:168][778]LogModuleManager: Shutting down and abandoning module PropertyEditor (33)
[2018.03.02-09.28.56:168][778]LogModuleManager: Shutting down and abandoning module AudioEditor (30)
[2018.03.02-09.28.56:168][778]LogModuleManager: Shutting down and abandoning module TextureCompressor (28)
[2018.03.02-09.28.56:168][778]LogModuleManager: Shutting down and abandoning module ShaderCore (26)
[2018.03.02-09.28.56:168][778]LogModuleManager: Shutting down and abandoning module Landscape (24)
[2018.03.02-09.28.56:168][778]LogModuleManager: Shutting down and abandoning module SlateRHIRenderer (22)
[2018.03.02-09.28.56:168][778]LogModuleManager: Shutting down and abandoning module OpenGLDrv (20)
[2018.03.02-09.28.56:168][778]LogModuleManager: Shutting down and abandoning module D3D11RHI (18)
[2018.03.02-09.28.56:168][778]LogModuleManager: Shutting down and abandoning module AnimGraphRuntime (16)
[2018.03.02-09.28.56:168][778]LogModuleManager: Shutting down and abandoning module Renderer (14)
[2018.03.02-09.28.56:168][778]LogModuleManager: Shutting down and abandoning module Engine (12)
[2018.03.02-09.28.56:168][778]LogModuleManager: Shutting down and abandoning module CoreUObject (10)
[2018.03.02-09.28.56:168][778]LogModuleManager: Shutting down and abandoning module NetworkFile (8)
[2018.03.02-09.28.56:168][778]LogModuleManager: Shutting down and abandoning module StreamingFile (6)
[2018.03.02-09.28.56:168][778]LogModuleManager: Shutting down and abandoning module SandboxFile (4)
[2018.03.02-09.28.56:168][778]LogModuleManager: Shutting down and abandoning module PakFile (2)
[2018.03.02-09.28.56:170][778]LogExit: Exiting.
[2018.03.02-09.28.56:179][778]Log file closed, 03/02/18 20:28:56
