Log file open, 12/26/17 23:33:33
LogInit:Display: Running engine for game: WEAPON_MOD_PROJECT
LogPlatformFile: Not using cached read wrapper
LogInit:Display: RandInit(-1098178019) SRandInit(-1098178019).
LogTaskGraph: Started task graph with 5 named threads and 8 total threads with 1 sets of task threads.
LogStats: Stats thread started at 0.077246
LogInit: Using libcurl 7.47.1
LogInit:  - built for x86_64-pc-win32
LogInit:  - supports SSL with OpenSSL/1.0.2g
LogInit:  - supports HTTP deflate (compression) using libz 1.2.8
LogInit:  - other features:
LogInit:      CURL_VERSION_SSL
LogInit:      CURL_VERSION_LIBZ
LogInit:      CURL_VERSION_IPV6
LogInit:      CURL_VERSION_ASYNCHDNS
LogInit:      CURL_VERSION_LARGEFILE
LogInit:      CURL_VERSION_IDN
LogInit:  CurlRequestOptions (configurable via config and command line):
LogInit:  - bVerifyPeer = false  - Libcurl will NOT verify peer certificate
LogInit:  - bUseHttpProxy = false  - Libcurl will NOT use HTTP proxy
LogInit:  - bDontReuseConnections = false  - Libcurl will reuse connections
LogInit:  - CertBundlePath = nullptr  - Libcurl will use whatever was configured at build time.
LogInit: Build: ++UE4+Release-4.16-CL-3561208
LogInit: Engine Version: 4.16.3-3561208+++UE4+Release-4.16
LogInit: Compatible Engine Version: 4.16.0-3452394+++UE4+Release-4.16
LogInit: Net CL: 3452394
LogDevObjectVersion: Number of dev versions registered: 16
LogDevObjectVersion:   Dev-Blueprints (B0D832E4-1F89-4F0D-ACCF-7EB736FD4AA2): 9
LogDevObjectVersion:   Dev-Build (E1C64328-A22C-4D53-A36C-8E866417BD8C): 0
LogDevObjectVersion:   Dev-Core (375EC13C-06E4-48FB-B500-84F0262A717E): 2
LogDevObjectVersion:   Dev-Editor (E4B068ED-F494-42E9-A231-DA0B2E46BB41): 17
LogDevObjectVersion:   Dev-Framework (CFFC743F-43B0-4480-9391-14DF171D2073): 23
LogDevObjectVersion:   Dev-Mobile (B02B49B5-BB20-44E9-A304-32B752E40360): 0
LogDevObjectVersion:   Dev-Networking (A4E4105C-59A1-49B5-A7C5-40C4547EDFEE): 0
LogDevObjectVersion:   Dev-Online (39C831C9-5AE6-47DC-9A44-9C173E1C8E7C): 0
LogDevObjectVersion:   Dev-Physics (78F01B33-EBEA-4F98-B9B4-84EACCB95AA2): 0
LogDevObjectVersion:   Dev-Platform (6631380F-2D4D-43E0-8009-CF276956A95A): 0
LogDevObjectVersion:   Dev-Rendering (12F88B9F-8875-4AFC-A67C-D90C383ABD29): 15
LogDevObjectVersion:   Dev-Sequencer (7B5AE74C-D270-4C10-A958-57980B212A5A): 4
LogDevObjectVersion:   Dev-VR (D7296918-1DD6-4BDD-9DE2-64A83CC13884): 0
LogDevObjectVersion:   Dev-LoadTimes (C2A15278-BFE7-4AFE-6C17-90FF531DF755): 1
LogDevObjectVersion:   Private-Geometry (6EACA3D4-40EC-4CC1-B786-8BED09428FC5): 1
LogDevObjectVersion:   Dev-AnimPhys (29E575DD-E0A3-4627-9D10-D276232CDCEA): 3
LogInit: Compiled (64-bit): Jul 28 2017 11:49:47
LogInit: Compiled with Visual C++: 19.00.24215.01
LogInit: Build Configuration: Development
LogInit: Branch Name: ++UE4+Release-4.16
LogInit: Command line: 
LogInit: Base directory: G:/UE_4.16/Engine/Binaries/Win64/
LogInit: Installed Engine Build: 1
LogInit: Presizing for max 8388607 objects, including 0 objects not considered by GC, pre-allocating 0 bytes for permanent pool.
LogInit: Object subsystem initialized
[2017.12.26-12.33.33:725][  0]LogInit: Selected Device Profile: [Windows]
[2017.12.26-12.33.33:725][  0]LogInit: Applying CVar settings loaded from the selected device profile: [Windows]
[2017.12.26-12.33.33:731][  0]LogInit: Computer: THEBEAST
[2017.12.26-12.33.33:731][  0]LogInit: User: petermiller
[2017.12.26-12.33.33:731][  0]LogInit: CPU Page size=4096, Cores=4
[2017.12.26-12.33.33:731][  0]LogInit: High frequency timer resolution =3.914064 MHz
[2017.12.26-12.33.33:731][  0]LogMemory: Memory total: Physical=16.0GB (16GB approx)
[2017.12.26-12.33.33:731][  0]LogMemory: Platform Memory Stats for Windows
[2017.12.26-12.33.33:731][  0]LogMemory: Process Physical Memory: 271.57 MB used, 271.57 MB peak
[2017.12.26-12.33.33:731][  0]LogMemory: Process Virtual Memory: 261.02 MB used, 261.02 MB peak
[2017.12.26-12.33.33:731][  0]LogMemory: Physical Memory: 5914.29 MB used,  10421.98 MB free, 16336.26 MB total
[2017.12.26-12.33.33:731][  0]LogMemory: Virtual Memory: 621.89 MB used,  10421.98 MB free, 134217728.00 MB total
[2017.12.26-12.33.33:766][  0]LogInit: Using OS detected language (en-GB).
[2017.12.26-12.33.33:766][  0]LogInit: Using OS detected locale (en-GB).
[2017.12.26-12.33.33:768][  0]LogTextLocalizationManager: No specific localization for 'en-GB' exists, so the 'en' localization will be used.
[2017.12.26-12.33.34:422][  0]LogD3D11RHI: D3D11 adapters:
[2017.12.26-12.33.34:451][  0]LogD3D11RHI:    0. 'NVIDIA GeForce GTX 1070' (Feature Level 11_0)
[2017.12.26-12.33.34:451][  0]LogD3D11RHI:       8053/0/8168 MB DedicatedVideo/DedicatedSystem/SharedSystem, Outputs:2, VendorId:0x10de
[2017.12.26-12.33.34:452][  0]LogD3D11RHI:    1. 'Microsoft Basic Render Driver' (Feature Level 11_0)
[2017.12.26-12.33.34:452][  0]LogD3D11RHI:       0/0/256 MB DedicatedVideo/DedicatedSystem/SharedSystem, Outputs:0, VendorId:0x1414
[2017.12.26-12.33.34:452][  0]LogD3D11RHI: Chosen D3D11 Adapter: 0
[2017.12.26-12.33.34:455][  0]LogD3D11RHI: Creating new Direct3DDevice
[2017.12.26-12.33.34:455][  0]LogD3D11RHI:     GPU DeviceId: 0x1b81 (for the marketing name, search the web for "GPU Device Id")
[2017.12.26-12.33.34:455][  0]LogWindows: EnumDisplayDevices:
[2017.12.26-12.33.34:455][  0]LogWindows:    0. 'NVIDIA GeForce GTX 1070' (P:1 D:1)
[2017.12.26-12.33.34:455][  0]LogWindows:    1. 'NVIDIA GeForce GTX 1070' (P:0 D:1)
[2017.12.26-12.33.34:455][  0]LogWindows:    2. 'NVIDIA GeForce GTX 1070' (P:0 D:0)
[2017.12.26-12.33.34:455][  0]LogWindows:    3. 'NVIDIA GeForce GTX 1070' (P:0 D:0)
[2017.12.26-12.33.34:456][  0]LogWindows: DebugString: FoundDriverCount:4 
[2017.12.26-12.33.34:456][  0]LogD3D11RHI:     Adapter Name: NVIDIA GeForce GTX 1070
[2017.12.26-12.33.34:456][  0]LogD3D11RHI:   Driver Version: 388.00 (internal:23.21.13.8800, unified:388.00)
[2017.12.26-12.33.34:456][  0]LogD3D11RHI:      Driver Date: 10-12-2017
[2017.12.26-12.33.34:456][  0]LogRHI: Texture pool is 1361 MB (70% of 1945 MB)
[2017.12.26-12.33.34:467][  0]LogD3D11RHI: Async texture creation enabled
[2017.12.26-12.33.34:486][  0]LogD3D11RHI: GPU Timing Frequency: 1000.000000 (Debug: 2 2)
[2017.12.26-12.33.34:577][  0]LogShaderCompilers: Guid format shader working directory is 7 characters bigger than the processId version (../../../../Unreal Projects/WEAPON_MOD_PROJECT/Intermediate/Shaders/WorkingDirectory/9324/).
[2017.12.26-12.33.34:577][  0]LogShaderCompilers: Cleaned the shader compiler working directory 'C:/Users/peter miller/AppData/Local/Temp/UnrealShaderWorkingDir/AFDDCB934E5F3B242F8F59B728E4FD80/'.
[2017.12.26-12.33.34:577][  0]LogShaderCompilers:Display: Using Local Shader Compiler.
[2017.12.26-12.33.35:271][  0]LogTemp:Display: Loaded TP AllDesktopTargetPlatform
[2017.12.26-12.33.35:299][  0]LogTemp:Display: Loaded TP MacClientTargetPlatform
[2017.12.26-12.33.35:325][  0]LogTemp:Display: Loaded TP MacNoEditorTargetPlatform
[2017.12.26-12.33.35:351][  0]LogTemp:Display: Loaded TP MacServerTargetPlatform
[2017.12.26-12.33.35:378][  0]LogTemp:Display: Loaded TP MacTargetPlatform
[2017.12.26-12.33.35:404][  0]LogTemp:Display: Loaded TP WindowsClientTargetPlatform
[2017.12.26-12.33.35:433][  0]LogTemp:Display: Loaded TP WindowsNoEditorTargetPlatform
[2017.12.26-12.33.35:459][  0]LogTemp:Display: Loaded TP WindowsServerTargetPlatform
[2017.12.26-12.33.35:481][  0]LogTemp:Display: Loaded TP WindowsTargetPlatform
[2017.12.26-12.33.35:507][  0]LogTemp:Display: Loaded TP AndroidTargetPlatform
[2017.12.26-12.33.35:532][  0]LogTemp:Display: Loaded TP Android_ASTCTargetPlatform
[2017.12.26-12.33.35:558][  0]LogTemp:Display: Loaded TP Android_ATCTargetPlatform
[2017.12.26-12.33.35:583][  0]LogTemp:Display: Loaded TP Android_DXTTargetPlatform
[2017.12.26-12.33.35:609][  0]LogTemp:Display: Loaded TP Android_ETC1TargetPlatform
[2017.12.26-12.33.35:634][  0]LogTemp:Display: Loaded TP Android_ETC2TargetPlatform
[2017.12.26-12.33.35:686][  0]LogTemp:Display: Loaded TP Android_MultiTargetPlatform
[2017.12.26-12.33.35:686][  0]LogTemp:Display: Loaded TP Android_PVRTCTargetPlatform
[2017.12.26-12.33.35:705][  0]LogTemp:Display: Loaded TP HTML5TargetPlatform
[2017.12.26-12.33.35:763][  0]LogTemp:Display: Loaded TP IOSTargetPlatform
[2017.12.26-12.33.35:779][  0]LogTemp:Display: Loaded TP TVOSTargetPlatform
[2017.12.26-12.33.35:805][  0]LogTemp:Display: Loaded TP LinuxClientTargetPlatform
[2017.12.26-12.33.35:830][  0]LogTemp:Display: Loaded TP LinuxNoEditorTargetPlatform
[2017.12.26-12.33.35:855][  0]LogTemp:Display: Loaded TP LinuxServerTargetPlatform
[2017.12.26-12.33.35:881][  0]LogTemp:Display: Loaded TP LinuxTargetPlatform
[2017.12.26-12.33.35:881][  0]LogTargetPlatformManager:Display: Building Assets For Windows
[2017.12.26-12.33.36:122][  0]LogDerivedDataCache:Display: Max Cache Size: 512 MB
[2017.12.26-12.33.36:189][  0]LogDerivedDataCache: Loaded boot cache 0.07s 90MB C:/Users/peter miller/AppData/Local/UnrealEngine/4.16/DerivedDataCache/Boot.ddc.
[2017.12.26-12.33.36:189][  0]LogDerivedDataCache:Display: Loaded Boot cache: C:/Users/peter miller/AppData/Local/UnrealEngine/4.16/DerivedDataCache/Boot.ddc
[2017.12.26-12.33.36:190][  0]LogDerivedDataCache: FDerivedDataBackendGraph:  Pak pak cache file ../../../../Unreal Projects/WEAPON_MOD_PROJECT/DerivedDataCache/DDC.ddp not found, will not use a pak cache.
[2017.12.26-12.33.36:190][  0]LogDerivedDataCache: Unable to find inner node Pak for hierarchical cache Hierarchy.
[2017.12.26-12.33.36:190][  0]LogDerivedDataCache: FDerivedDataBackendGraph:  CompressedPak pak cache file ../../../../Unreal Projects/WEAPON_MOD_PROJECT/DerivedDataCache/Compressed.ddp not found, will not use a pak cache.
[2017.12.26-12.33.36:190][  0]LogDerivedDataCache: Unable to find inner node CompressedPak for hierarchical cache Hierarchy.
[2017.12.26-12.33.36:202][  0]LogDerivedDataCache:Display: Pak cache opened for reading ../../../Engine/DerivedDataCache/Compressed.ddp.
[2017.12.26-12.33.36:214][  0]LogDerivedDataCache: Using Local data cache path C:/Users/peter miller/AppData/Local/UnrealEngine/Common/DerivedDataCache: Writable
[2017.12.26-12.33.36:221][  0]LogMaterial: Verifying Global Shaders for PCD3D_SM5
[2017.12.26-12.33.36:221][  0]LogSlate: Using Freetype 2.6.0
[2017.12.26-12.33.36:222][  0]LogSlate: SlateFontCache - WITH_FREETYPE: 1, WITH_HARFBUZZ: 1
[2017.12.26-12.33.36:222][  0]LogSlate: SlateFontCache - WITH_FREETYPE: 1, WITH_HARFBUZZ: 1
[2017.12.26-12.33.36:447][  0]LogInit: Selected Device Profile: [Windows]
[2017.12.26-12.33.36:501][  0]LogContentStreaming: Texture pool size is 0.00 MB
[2017.12.26-12.33.36:598][  0]LogMeshUtilities: Using QuadricMeshReduction for automatic static mesh reduction
[2017.12.26-12.33.36:620][  0]LogSimplygon: Simplygon DLL not present - disabling.
[2017.12.26-12.33.36:644][  0]LogMeshUtilities: Using SimplygonSwarm for distributed automatic mesh merging
[2017.12.26-12.33.36:644][  0]LogMeshUtilities: No automatic skeletal mesh reduction module available
[2017.12.26-12.33.36:644][  0]LogMeshUtilities: No automatic mesh merging module available
[2017.12.26-12.33.37:003][  0]LogNetVersion: WEAPON_MOD_PROJECT , NetCL: 3452394, EngineNetVer: 2, GameNetVer: 0 (Checksum: 2519855051)
[2017.12.26-12.33.37:048][  0]LogAssetRegistry: FAssetRegistry took 0.0247 seconds to start up
[2017.12.26-12.33.37:079][  0]LogPackageLocalizationCache: Processed 4 localized package path(s) for 2 prioritized culture(s) in 0.020955 seconds
[2017.12.26-12.33.37:083][  0]LogUObjectArray: 34194 objects as part of root set at end of initial load.
[2017.12.26-12.33.37:083][  0]LogUObjectAllocator: 7260416 out of 0 bytes used by permanent object pool.
[2017.12.26-12.33.37:083][  0]LogUObjectArray: CloseDisregardForGC: 0/0 objects in disregard for GC pool
[2017.12.26-12.33.37:111][  0]LogInit: WinSock: version 1.1 (2.2), MaxSocks=32767, MaxUdp=65467
[2017.12.26-12.33.38:558][  0]LogTcpMessaging: Initializing TcpMessaging bridge
[2017.12.26-12.33.38:585][  0]LogUdpMessaging: Initializing bridge on interface 0.0.0.0:0 to multicast group 230.0.0.1:6666.
[2017.12.26-12.33.38:889][  0]LogMaterial: Uniform references updated for custom material expression Custom.
[2017.12.26-12.33.39:105][  0]SourceControl: Info Source control is disabled
[2017.12.26-12.33.39:128][  0]SourceControl: Info Source control is disabled
[2017.12.26-12.33.39:152][  0]SourceControl: Info Source control is disabled
[2017.12.26-12.33.39:178][  0]SourceControl: Info Source control is disabled
[2017.12.26-12.33.39:528][  0]LogAndroidPermission: UAndroidPermissionCallbackProxy::GetInstance
[2017.12.26-12.33.39:845][  0]LogEngine: Initializing Engine...
[2017.12.26-12.33.39:847][  0]LogHMD: Failed to initialize OpenVR with code 101
[2017.12.26-12.33.39:996][  0]LogStats: UGameplayTagsManager::ConstructGameplayTagTree: Construct from data asset -  0.000 s
[2017.12.26-12.33.39:996][  0]LogStats: UGameplayTagsManager::ConstructGameplayTagTree: GameplayTagTreeChangedEvent.Broadcast -  0.000 s
[2017.12.26-12.33.40:059][  0]LogAIModule: Creating AISystem for world Untitled
[2017.12.26-12.33.40:073][  0]LogInit: XAudio2 using 'Speakers (Turtle Beach Z60 Game Audio)' : 2 channels at 44.1 kHz using 16 bits per sample (channel mask 0x3)
[2017.12.26-12.33.40:082][  0]LogInit: FAudioDevice initialized.
[2017.12.26-12.33.40:113][  0]LogDerivedDataCache: Saved boot cache 0.03s 90MB C:/Users/peter miller/AppData/Local/UnrealEngine/4.16/DerivedDataCache/Boot.ddc.
[2017.12.26-12.33.40:118][  0]LogInit: Texture streaming: Enabled
[2017.12.26-12.33.40:163][  0]LogEngineSessionManager: EngineSessionManager initialized
[2017.12.26-12.33.40:267][  0]LogInit: Transaction tracking system initialized
[2017.12.26-12.33.40:414][  0]BlueprintLog: New page: Editor Load
[2017.12.26-12.33.40:861][  0]LocalizationService: Info Localization service is disabled
[2017.12.26-12.33.41:195][  0]LogConsoleResponse:Display: 
[2017.12.26-12.33.41:292][  0]LogCook:Display: Max memory allowance for cook 16384mb min free memory 0mb
[2017.12.26-12.33.41:292][  0]LogCook:Display: Mobile HDR setting 1
[2017.12.26-12.33.41:801][  0]LogFileCache: Scanning file cache for directory 'G:/Unreal Projects/WEAPON_MOD_PROJECT/Content/' took 0.02s
[2017.12.26-12.33.41:801][  0]SourceControl: Info Source control is disabled
[2017.12.26-12.33.41:802][  0]Cmd: MAP LOAD FILE="../../../../Unreal Projects/WEAPON_MOD_PROJECT/Content/FirstPersonBP/Maps/FirstPersonExampleMap.umap" TEMPLATE=0 SHOWPROGRESS=1 FEATURELEVEL=3
[2017.12.26-12.33.41:802][  0]LightingResults: New page: Lighting Build
[2017.12.26-12.33.41:821][  0]MapCheck: New page: Map Check
[2017.12.26-12.33.41:821][  0]LightingResults: New page: Lighting Build
[2017.12.26-12.33.41:924][  0]LogLinker:Warning: Can't find file '/Script/EnvironmentQueryEditor'
[2017.12.26-12.33.41:924][  0]LogLinker:Warning: Can't find file for asset '/Script/EnvironmentQueryEditor' while loading ../../../../Unreal Projects/WEAPON_MOD_PROJECT/Content/AI/FindPlayer.uasset.
[2017.12.26-12.33.41:924][  0]LoadErrors:Error: Error /Game/AI/FindPlayer : Can't find file for asset. /Script/EnvironmentQueryEditor
[2017.12.26-12.33.41:924][  0]LogLinker:Warning: Can't find file '/Script/EnvironmentQueryEditor'
[2017.12.26-12.33.41:924][  0]LogLinker:Warning: Can't find file for asset '/Script/EnvironmentQueryEditor' while loading ../../../../Unreal Projects/WEAPON_MOD_PROJECT/Content/AI/FindPlayer.uasset.
[2017.12.26-12.33.41:924][  0]LoadErrors:Error: Error /Game/AI/FindPlayer : Can't find file for asset. /Script/EnvironmentQueryEditor
[2017.12.26-12.33.41:924][  0]LogLinker:Warning: Can't find file '/Script/EnvironmentQueryEditor'
[2017.12.26-12.33.41:924][  0]LogLinker:Warning: Can't find file for asset '/Script/EnvironmentQueryEditor' while loading ../../../../Unreal Projects/WEAPON_MOD_PROJECT/Content/AI/FindPlayer.uasset.
[2017.12.26-12.33.41:924][  0]LoadErrors:Error: Error /Game/AI/FindPlayer : Can't find file for asset. /Script/EnvironmentQueryEditor
[2017.12.26-12.33.41:924][  0]LogLinker:Warning: Can't find file '/Script/EnvironmentQueryEditor'
[2017.12.26-12.33.41:924][  0]LogLinker:Warning: Can't find file for asset '/Script/EnvironmentQueryEditor' while loading ../../../../Unreal Projects/WEAPON_MOD_PROJECT/Content/AI/FindPlayer.uasset.
[2017.12.26-12.33.41:924][  0]LoadErrors:Error: Error /Game/AI/FindPlayer : Can't find file for asset. /Script/EnvironmentQueryEditor
[2017.12.26-12.33.41:924][  0]LogLinker:Warning: Can't find file '/Script/EnvironmentQueryEditor'
[2017.12.26-12.33.41:924][  0]LogLinker:Warning: Can't find file for asset '/Script/EnvironmentQueryEditor' while loading ../../../../Unreal Projects/WEAPON_MOD_PROJECT/Content/AI/FindPlayer.uasset.
[2017.12.26-12.33.41:924][  0]LoadErrors:Error: Error /Game/AI/FindPlayer : Can't find file for asset. /Script/EnvironmentQueryEditor
[2017.12.26-12.33.41:924][  0]LogLinker:Warning: Can't find file '/Script/EnvironmentQueryEditor'
[2017.12.26-12.33.41:924][  0]LogLinker:Warning: Can't find file for asset '/Script/EnvironmentQueryEditor' while loading ../../../../Unreal Projects/WEAPON_MOD_PROJECT/Content/AI_Z/PatrolAI_BT_Z.uasset.
[2017.12.26-12.33.41:924][  0]LoadErrors:Error: Error /Game/AI_Z/PatrolAI_BT_Z : Can't find file for asset. /Script/EnvironmentQueryEditor
[2017.12.26-12.33.41:924][  0]LogLinker:Warning: Can't find file '/Script/EnvironmentQueryEditor'
[2017.12.26-12.33.41:924][  0]LogLinker:Warning: Can't find file for asset '/Script/EnvironmentQueryEditor' while loading ../../../../Unreal Projects/WEAPON_MOD_PROJECT/Content/AI_Z/PatrolAI_BT_Z.uasset.
[2017.12.26-12.33.41:925][  0]LoadErrors:Error: Error /Game/AI_Z/PatrolAI_BT_Z : Can't find file for asset. /Script/EnvironmentQueryEditor
[2017.12.26-12.33.41:925][  0]LogLinker:Warning: Can't find file '/Script/EnvironmentQueryEditor'
[2017.12.26-12.33.41:925][  0]LogLinker:Warning: Can't find file for asset '/Script/EnvironmentQueryEditor' while loading ../../../../Unreal Projects/WEAPON_MOD_PROJECT/Content/AI_Z/PatrolAI_BT_Z.uasset.
[2017.12.26-12.33.41:925][  0]LoadErrors:Error: Error /Game/AI_Z/PatrolAI_BT_Z : Can't find file for asset. /Script/EnvironmentQueryEditor
[2017.12.26-12.33.41:925][  0]LogLinker:Warning: Can't find file '/Script/EnvironmentQueryEditor'
[2017.12.26-12.33.41:925][  0]LogLinker:Warning: Can't find file for asset '/Script/EnvironmentQueryEditor' while loading ../../../../Unreal Projects/WEAPON_MOD_PROJECT/Content/AI_Z/PatrolAI_BT_Z.uasset.
[2017.12.26-12.33.41:925][  0]LoadErrors:Error: Error /Game/AI_Z/PatrolAI_BT_Z : Can't find file for asset. /Script/EnvironmentQueryEditor
[2017.12.26-12.33.41:925][  0]LogLinker:Warning: Can't find file '/Script/EnvironmentQueryEditor'
[2017.12.26-12.33.41:925][  0]LogLinker:Warning: Can't find file for asset '/Script/EnvironmentQueryEditor' while loading ../../../../Unreal Projects/WEAPON_MOD_PROJECT/Content/AI_Z/PatrolAI_BT_Z.uasset.
[2017.12.26-12.33.41:925][  0]LoadErrors:Error: Error /Game/AI_Z/PatrolAI_BT_Z : Can't find file for asset. /Script/EnvironmentQueryEditor
[2017.12.26-12.33.41:925][  0]LogLinker:Warning: Can't find file '/Script/EnvironmentQueryEditor'
[2017.12.26-12.33.41:925][  0]LogLinker:Warning: Can't find file for asset '/Script/EnvironmentQueryEditor' while loading ../../../../Unreal Projects/WEAPON_MOD_PROJECT/Content/AI_Z/PatrolAI_BT_Z.uasset.
[2017.12.26-12.33.41:925][  0]LoadErrors:Error: Error /Game/AI_Z/PatrolAI_BT_Z : Can't find file for asset. /Script/EnvironmentQueryEditor
[2017.12.26-12.33.41:925][  0]LogLinker:Warning: Can't find file '/Script/EnvironmentQueryEditor'
[2017.12.26-12.33.41:925][  0]LogLinker:Warning: Can't find file for asset '/Script/EnvironmentQueryEditor' while loading ../../../../Unreal Projects/WEAPON_MOD_PROJECT/Content/AI_Z/PatrolAI_BT_Z.uasset.
[2017.12.26-12.33.41:925][  0]LoadErrors:Error: Error /Game/AI_Z/PatrolAI_BT_Z : Can't find file for asset. /Script/EnvironmentQueryEditor
[2017.12.26-12.33.41:925][  0]LogLinker:Warning: Can't find file '/Script/EnvironmentQueryEditor'
[2017.12.26-12.33.41:925][  0]LogLinker:Warning: Can't find file for asset '/Script/EnvironmentQueryEditor' while loading ../../../../Unreal Projects/WEAPON_MOD_PROJECT/Content/AI_Z/PatrolAI_BT_Z.uasset.
[2017.12.26-12.33.41:925][  0]LoadErrors:Error: Error /Game/AI_Z/PatrolAI_BT_Z : Can't find file for asset. /Script/EnvironmentQueryEditor
[2017.12.26-12.33.41:973][  0]LogBlueprint:Warning: [FPSArms_Skeleton_AnimBlueprint_ARPack] 'bSprinting' variable not found. Base class was probably changed.
[2017.12.26-12.33.41:973][  0]LogBlueprint:Warning: [FPSArms_Skeleton_AnimBlueprint_ARPack] 'bAiming' variable not found. Base class was probably changed.
[2017.12.26-12.33.41:973][  0]LogBlueprint:Warning: [FPSArms_Skeleton_AnimBlueprint_ARPack] 'Index' variable not found. Base class was probably changed.
[2017.12.26-12.33.41:976][  0]LogBlueprint:Warning: [Compiler FPSArms_Skeleton_AnimBlueprint_ARPack] Warning Could not find a variable named "Index" in 'FPSArms_Skeleton_AnimBlueprint_ARPack'.
Make sure 'FPSArms_Skeleton_AnimBlueprint_ARPack' has been compiled for  Get Index
[2017.12.26-12.33.41:976][  0]LogBlueprint:Warning: [Compiler FPSArms_Skeleton_AnimBlueprint_ARPack] Warning Could not find a variable named "bAiming" in 'FPSArms_Skeleton_AnimBlueprint_ARPack'.
Make sure 'FPSArms_Skeleton_AnimBlueprint_ARPack' has been compiled for  Get bAiming
[2017.12.26-12.33.41:976][  0]LogBlueprint:Warning: [Compiler FPSArms_Skeleton_AnimBlueprint_ARPack] Warning Could not find a variable named "bSprinting" in 'FPSArms_Skeleton_AnimBlueprint_ARPack'.
Make sure 'FPSArms_Skeleton_AnimBlueprint_ARPack' has been compiled for  Get bSprinting
[2017.12.26-12.33.41:976][  0]LogBlueprint:Warning: [Compiler FPSArms_Skeleton_AnimBlueprint_ARPack] Warning Can't connect pins  Object  and  Return Value : This cast has an invalid target type (was the class deleted without a redirect?).
[2017.12.26-12.33.41:976][  0]LogBlueprint:Warning: [Compiler FPSArms_Skeleton_AnimBlueprint_ARPack] Warning Can't connect pins  Return Value  and  Object : This cast has an invalid target type (was the class deleted without a redirect?).
[2017.12.26-12.33.41:976][  0]LogBlueprint:Error: [Compiler FPSArms_Skeleton_AnimBlueprint_ARPack] Error  Play (None)  references an unknown sequence
[2017.12.26-12.33.41:976][  0]LogBlueprint:Error: [Compiler FPSArms_Skeleton_AnimBlueprint_ARPack] Error  Play (None)  references an unknown sequence
[2017.12.26-12.33.41:976][  0]LogBlueprint:Error: [Compiler FPSArms_Skeleton_AnimBlueprint_ARPack] Error  Play (None)  references an unknown sequence
[2017.12.26-12.33.41:977][  0]LogBlueprint:Error: [Compiler FPSArms_Skeleton_AnimBlueprint_ARPack] Error  Play (None)  references an unknown sequence
[2017.12.26-12.33.41:977][  0]LogBlueprint:Error: [Compiler FPSArms_Skeleton_AnimBlueprint_ARPack] Error  Play (None)  references an unknown sequence
[2017.12.26-12.33.41:977][  0]LogBlueprint:Error: [Compiler FPSArms_Skeleton_AnimBlueprint_ARPack] Error  Play (None)  references an unknown sequence
[2017.12.26-12.33.41:977][  0]LogBlueprint:Error: [Compiler FPSArms_Skeleton_AnimBlueprint_ARPack] Error  Play (None)  references an unknown sequence
[2017.12.26-12.33.41:977][  0]LogBlueprint:Error: [Compiler FPSArms_Skeleton_AnimBlueprint_ARPack] Error  Play (None)  references an unknown sequence
[2017.12.26-12.33.41:978][  0]LogBlueprint:Error: [Compiler FPSArms_Skeleton_AnimBlueprint_ARPack] Error  Play (None)  references an unknown sequence
[2017.12.26-12.33.41:978][  0]LogBlueprint:Error: [Compiler FPSArms_Skeleton_AnimBlueprint_ARPack] Error  Play (None)  references an unknown sequence
[2017.12.26-12.33.41:978][  0]LogBlueprint:Error: [Compiler FPSArms_Skeleton_AnimBlueprint_ARPack] Error  Play (None)  references an unknown sequence
[2017.12.26-12.33.41:978][  0]LogBlueprint:Error: [Compiler FPSArms_Skeleton_AnimBlueprint_ARPack] Error  Play (None)  references an unknown sequence
[2017.12.26-12.33.41:979][  0]LogBlueprint:Error: [Compiler FPSArms_Skeleton_AnimBlueprint_ARPack] Error  Play (None)  references an unknown sequence
[2017.12.26-12.33.41:979][  0]LogBlueprint:Error: [Compiler FPSArms_Skeleton_AnimBlueprint_ARPack] Error  Play (None)  references an unknown sequence
[2017.12.26-12.33.41:979][  0]LogBlueprint:Error: [Compiler FPSArms_Skeleton_AnimBlueprint_ARPack] Error  Play (None)  references an unknown sequence
[2017.12.26-12.33.41:979][  0]LogBlueprint:Error: [Compiler FPSArms_Skeleton_AnimBlueprint_ARPack] Error Missing allocated node for AnimGraphNode_SequencePlayer_12 while searching for node links - likely due to the node having outstanding errors.
[2017.12.26-12.33.41:979][  0]LogBlueprint:Error: [Compiler FPSArms_Skeleton_AnimBlueprint_ARPack] Error Missing allocated node for AnimGraphNode_SequencePlayer_11 while searching for node links - likely due to the node having outstanding errors.
[2017.12.26-12.33.41:980][  0]LogBlueprint:Error: [Compiler FPSArms_Skeleton_AnimBlueprint_ARPack] Error Missing allocated node for AnimGraphNode_SequencePlayer_10 while searching for node links - likely due to the node having outstanding errors.
[2017.12.26-12.33.41:980][  0]LogBlueprint:Error: [Compiler FPSArms_Skeleton_AnimBlueprint_ARPack] Error Missing allocated node for AnimGraphNode_SequencePlayer_5 while searching for node links - likely due to the node having outstanding errors.
[2017.12.26-12.33.41:980][  0]LogBlueprint:Error: [Compiler FPSArms_Skeleton_AnimBlueprint_ARPack] Error Missing allocated node for AnimGraphNode_SequencePlayer_4 while searching for node links - likely due to the node having outstanding errors.
[2017.12.26-12.33.41:980][  0]LogBlueprint:Error: [Compiler FPSArms_Skeleton_AnimBlueprint_ARPack] Error Missing allocated node for AnimGraphNode_SequencePlayer_3 while searching for node links - likely due to the node having outstanding errors.
[2017.12.26-12.33.41:980][  0]LogBlueprint:Error: [Compiler FPSArms_Skeleton_AnimBlueprint_ARPack] Error Missing allocated node for AnimGraphNode_SequencePlayer_13 while searching for node links - likely due to the node having outstanding errors.
[2017.12.26-12.33.41:980][  0]LogBlueprint:Error: [Compiler FPSArms_Skeleton_AnimBlueprint_ARPack] Error Missing allocated node for AnimGraphNode_SequencePlayer_7 while searching for node links - likely due to the node having outstanding errors.
[2017.12.26-12.33.41:980][  0]LogBlueprint:Error: [Compiler FPSArms_Skeleton_AnimBlueprint_ARPack] Error Missing allocated node for AnimGraphNode_SequencePlayer_6 while searching for node links - likely due to the node having outstanding errors.
[2017.12.26-12.33.41:980][  0]LogBlueprint:Error: [Compiler FPSArms_Skeleton_AnimBlueprint_ARPack] Error Missing allocated node for AnimGraphNode_SequencePlayer_14 while searching for node links - likely due to the node having outstanding errors.
[2017.12.26-12.33.41:980][  0]LogBlueprint:Error: [Compiler FPSArms_Skeleton_AnimBlueprint_ARPack] Error Missing allocated node for AnimGraphNode_SequencePlayer_9 while searching for node links - likely due to the node having outstanding errors.
[2017.12.26-12.33.41:980][  0]LogBlueprint:Error: [Compiler FPSArms_Skeleton_AnimBlueprint_ARPack] Error Missing allocated node for AnimGraphNode_SequencePlayer_8 while searching for node links - likely due to the node having outstanding errors.
[2017.12.26-12.33.41:980][  0]LogBlueprint:Error: [Compiler FPSArms_Skeleton_AnimBlueprint_ARPack] Error Missing allocated node for AnimGraphNode_SequencePlayer_2 while searching for node links - likely due to the node having outstanding errors.
[2017.12.26-12.33.41:980][  0]LogBlueprint:Error: [Compiler FPSArms_Skeleton_AnimBlueprint_ARPack] Error Missing allocated node for AnimGraphNode_SequencePlayer_1 while searching for node links - likely due to the node having outstanding errors.
[2017.12.26-12.33.41:980][  0]LogBlueprint:Error: [Compiler FPSArms_Skeleton_AnimBlueprint_ARPack] Error Missing allocated node for AnimGraphNode_SequencePlayer_0 while searching for node links - likely due to the node having outstanding errors.
[2017.12.26-12.33.41:980][  0]LogBlueprint:Warning: [Compiler FPSArms_Skeleton_AnimBlueprint_ARPack] Warning Could not find a variable named "Index" in 'FPSArms_Skeleton_AnimBlueprint_ARPack'.
Make sure 'FPSArms_Skeleton_AnimBlueprint_ARPack' has been compiled for  Get Index
[2017.12.26-12.33.41:980][  0]LogBlueprint:Warning: [Compiler FPSArms_Skeleton_AnimBlueprint_ARPack] Warning Could not find a variable named "bAiming" in 'FPSArms_Skeleton_AnimBlueprint_ARPack'.
Make sure 'FPSArms_Skeleton_AnimBlueprint_ARPack' has been compiled for  Get bAiming
[2017.12.26-12.33.41:980][  0]LogBlueprint:Warning: [Compiler FPSArms_Skeleton_AnimBlueprint_ARPack] Warning Could not find a variable named "bSprinting" in 'FPSArms_Skeleton_AnimBlueprint_ARPack'.
Make sure 'FPSArms_Skeleton_AnimBlueprint_ARPack' has been compiled for  Get bSprinting
[2017.12.26-12.33.41:980][  0]LogBlueprint:Warning: [Compiler FPSArms_Skeleton_AnimBlueprint_ARPack] Warning Can't connect pins  Object  and  Return Value : This cast has an invalid target type (was the class deleted without a redirect?).
[2017.12.26-12.33.41:980][  0]LogBlueprint:Warning: [Compiler FPSArms_Skeleton_AnimBlueprint_ARPack] Warning Can't connect pins  Return Value  and  Object : This cast has an invalid target type (was the class deleted without a redirect?).
[2017.12.26-12.33.41:980][  0]LogBlueprint:Error: [Compiler FPSArms_Skeleton_AnimBlueprint_ARPack] Error This blueprint (self) is not a Actor, therefore ' Target ' must have a connection.
[2017.12.26-12.33.41:981][  0]LogBlueprint:Error: [Compiler FPSArms_Skeleton_AnimBlueprint_ARPack] Error This blueprint (self) is not compatible with ' Target ', therefore that pin must have a connection.
[2017.12.26-12.33.41:981][  0]LogBlueprint:Error: [Compiler FPSArms_Skeleton_AnimBlueprint_ARPack] Error This blueprint (self) is not compatible with ' Target ', therefore that pin must have a connection.
[2017.12.26-12.33.41:981][  0]LogBlueprint:Error: [Compiler FPSArms_Skeleton_AnimBlueprint_ARPack] Error This blueprint (self) is not compatible with ' Target ', therefore that pin must have a connection.
[2017.12.26-12.33.41:981][  0]LogBlueprint:Error: [Compiler FPSArms_Skeleton_AnimBlueprint_ARPack] Error The property associated with  Sprinting  could not be found
[2017.12.26-12.33.41:981][  0]LogBlueprint:Error: [Compiler FPSArms_Skeleton_AnimBlueprint_ARPack] Error The property associated with  Aiming  could not be found
[2017.12.26-12.33.41:981][  0]LogBlueprint:Error: [Compiler FPSArms_Skeleton_AnimBlueprint_ARPack] Error The property associated with  Index  could not be found
[2017.12.26-12.33.41:988][  0]LogBlueprint:Warning: [Compiler FPSArms_Skeleton_AnimBlueprint_ARPack] Warning [0009.31] Compile of FPSArms_Skeleton_AnimBlueprint_ARPack failed. 37 Fatal Issue(s) 10 Warning(s) [in 14 ms] (/Game/FPRiflePack/FirstPersonBPIronbelly/Arms/FPSArms_Skeleton_AnimBlueprint_ARPack.FPSArms_Skeleton_AnimBlueprint_ARPack)
[2017.12.26-12.33.41:988][  0]LogBlueprint:Warning: [Compiler FPSArms_Skeleton_AnimBlueprint_ARPack] Warning [0009.31] Compile of FPSArms_Skeleton_AnimBlueprint_ARPack failed. 37 Fatal Issue(s) 11 Warning(s) [in 0 ms] (/Game/FPRiflePack/FirstPersonBPIronbelly/Arms/FPSArms_Skeleton_AnimBlueprint_ARPack.FPSArms_Skeleton_AnimBlueprint_ARPack)
[2017.12.26-12.33.41:988][  0]LogBlueprint:Warning: [Compiler FPSArms_Skeleton_AnimBlueprint_ARPack] Warning [0009.31] Compile of FPSArms_Skeleton_AnimBlueprint_ARPack failed. 37 Fatal Issue(s) 12 Warning(s) [in 0 ms] (/Game/FPRiflePack/FirstPersonBPIronbelly/Arms/FPSArms_Skeleton_AnimBlueprint_ARPack.FPSArms_Skeleton_AnimBlueprint_ARPack)
[2017.12.26-12.33.42:211][  0]LogBlueprint:Warning: [Compiler FirstPersonCharacter] Warning InputAction Event references unknown Action 'Reload' for  InputAction Reload
[2017.12.26-12.33.42:229][  0]LogBlueprint:Warning: [Compiler FirstPersonCharacter] Warning [0009.55] Compile of FirstPersonCharacter successful, but with 1 Warning(s) [in 30 ms] (/Game/FirstPersonBP/Blueprints/FirstPersonCharacter.FirstPersonCharacter)
[2017.12.26-12.33.42:230][  0]LogBlueprint:Warning: [Compiler FirstPersonCharacter] Warning [0009.55] Compile of FirstPersonCharacter successful, but with 2 Warning(s) [in 0 ms] (/Game/FirstPersonBP/Blueprints/FirstPersonCharacter.FirstPersonCharacter)
[2017.12.26-12.33.42:230][  0]LogBlueprint:Warning: [Compiler FirstPersonCharacter] Warning [0009.55] Compile of FirstPersonCharacter successful, but with 3 Warning(s) [in 0 ms] (/Game/FirstPersonBP/Blueprints/FirstPersonCharacter.FirstPersonCharacter)
[2017.12.26-12.33.42:237][  0]LogBlueprint:Warning: [Compiler Ue4ASP_Character] Warning InputAction Event references unknown Action 'Crouch' for  InputAction Crouch
[2017.12.26-12.33.42:239][  0]LogBlueprint:Warning: [Compiler Ue4ASP_Character] Warning [0009.56] Compile of Ue4ASP_Character successful, but with 1 Warning(s) [in 3 ms] (/Game/AnimStarterPack/Ue4ASP_Character.Ue4ASP_Character)
[2017.12.26-12.33.42:239][  0]LogBlueprint:Warning: [Compiler Ue4ASP_Character] Warning [0009.56] Compile of Ue4ASP_Character successful, but with 2 Warning(s) [in 0 ms] (/Game/AnimStarterPack/Ue4ASP_Character.Ue4ASP_Character)
[2017.12.26-12.33.42:239][  0]LogBlueprint:Warning: [Compiler Ue4ASP_Character] Warning [0009.56] Compile of Ue4ASP_Character successful, but with 3 Warning(s) [in 0 ms] (/Game/AnimStarterPack/Ue4ASP_Character.Ue4ASP_Character)
[2017.12.26-12.33.42:275][  0]LogBlueprint:Warning: [Compiler Ue4ASP_Character] Warning InputAction Event references unknown Action 'Crouch' for  InputAction Crouch
[2017.12.26-12.33.42:278][  0]LogBlueprint:Warning: [Compiler Ue4ASP_Character] Warning [0009.60] Compile of Ue4ASP_Character successful, but with 1 Warning(s) [in 3 ms] (/Game/AnimStarterPack/Ue4ASP_Character.Ue4ASP_Character)
[2017.12.26-12.33.42:278][  0]LogBlueprint:Warning: [Compiler Ue4ASP_Character] Warning [0009.60] Compile of Ue4ASP_Character successful, but with 2 Warning(s) [in 0 ms] (/Game/AnimStarterPack/Ue4ASP_Character.Ue4ASP_Character)
[2017.12.26-12.33.42:278][  0]LogBlueprint:Warning: [Compiler Ue4ASP_Character] Warning [0009.60] Compile of Ue4ASP_Character successful, but with 3 Warning(s) [in 0 ms] (/Game/AnimStarterPack/Ue4ASP_Character.Ue4ASP_Character)
[2017.12.26-12.33.42:297][  0]LogBlueprint:Warning: [Compiler FirstPersonCharacter] Warning InputAction Event references unknown Action 'Reload' for  InputAction Reload
[2017.12.26-12.33.42:316][  0]LogBlueprint:Warning: [Compiler FirstPersonCharacter] Warning [0009.64] Compile of FirstPersonCharacter successful, but with 1 Warning(s) [in 30 ms] (/Game/FirstPersonBP/Blueprints/FirstPersonCharacter.FirstPersonCharacter)
[2017.12.26-12.33.42:316][  0]LogBlueprint:Warning: [Compiler FirstPersonCharacter] Warning [0009.64] Compile of FirstPersonCharacter successful, but with 2 Warning(s) [in 0 ms] (/Game/FirstPersonBP/Blueprints/FirstPersonCharacter.FirstPersonCharacter)
[2017.12.26-12.33.42:317][  0]LogBlueprint:Warning: [Compiler FirstPersonCharacter] Warning [0009.64] Compile of FirstPersonCharacter successful, but with 3 Warning(s) [in 1 ms] (/Game/FirstPersonBP/Blueprints/FirstPersonCharacter.FirstPersonCharacter)
[2017.12.26-12.33.42:667][  0]LogLinker:Warning: Can't find file '/Script/EnvironmentQueryEditor'
[2017.12.26-12.33.42:667][  0]LogLinker:Warning: Can't find file for asset '/Script/EnvironmentQueryEditor' while loading ../../../../Unreal Projects/WEAPON_MOD_PROJECT/Content/FirstPersonBP/Maps/FirstPersonExampleMap.umap.
[2017.12.26-12.33.42:667][  0]LoadErrors:Error: Error /Game/FirstPersonBP/Maps/FirstPersonExampleMap : Can't find file for asset. /Script/EnvironmentQueryEditor
[2017.12.26-12.33.42:667][  0]LogLinker:Warning: Can't find file '/Script/EnvironmentQueryEditor'
[2017.12.26-12.33.42:667][  0]LogLinker:Warning: Can't find file for asset '/Script/EnvironmentQueryEditor' while loading ../../../../Unreal Projects/WEAPON_MOD_PROJECT/Content/FirstPersonBP/Maps/FirstPersonExampleMap.umap.
[2017.12.26-12.33.42:667][  0]LoadErrors:Error: Error /Game/FirstPersonBP/Maps/FirstPersonExampleMap : Can't find file for asset. /Script/EnvironmentQueryEditor
[2017.12.26-12.33.42:667][  0]LogLinker:Warning: Can't find file '/Script/EnvironmentQueryEditor'
[2017.12.26-12.33.42:667][  0]LogLinker:Warning: Can't find file for asset '/Script/EnvironmentQueryEditor' while loading ../../../../Unreal Projects/WEAPON_MOD_PROJECT/Content/FirstPersonBP/Maps/FirstPersonExampleMap.umap.
[2017.12.26-12.33.42:667][  0]LoadErrors:Error: Error /Game/FirstPersonBP/Maps/FirstPersonExampleMap : Can't find file for asset. /Script/EnvironmentQueryEditor
[2017.12.26-12.33.42:667][  0]LogLinker:Warning: Can't find file '/Script/EnvironmentQueryEditor'
[2017.12.26-12.33.42:667][  0]LogLinker:Warning: Can't find file for asset '/Script/EnvironmentQueryEditor' while loading ../../../../Unreal Projects/WEAPON_MOD_PROJECT/Content/FirstPersonBP/Maps/FirstPersonExampleMap.umap.
[2017.12.26-12.33.42:667][  0]LoadErrors:Error: Error /Game/FirstPersonBP/Maps/FirstPersonExampleMap : Can't find file for asset. /Script/EnvironmentQueryEditor
[2017.12.26-12.33.42:690][  0]LogLinker:Warning: Can't find file '/Script/EnvironmentQueryEditor'
[2017.12.26-12.33.42:690][  0]LogLinker:Warning: Can't find file for asset '/Script/EnvironmentQueryEditor' while loading ../../../../Unreal Projects/WEAPON_MOD_PROJECT/Content/FirstPersonBP/Maps/FirstPersonExampleMap.umap.
[2017.12.26-12.33.42:690][  0]LoadErrors:Error: Error /Game/FirstPersonBP/Maps/FirstPersonExampleMap : Can't find file for asset. /Script/EnvironmentQueryEditor
[2017.12.26-12.33.42:701][  0]LogLinker:Warning: Can't find file '/Script/EnvironmentQueryEditor'
[2017.12.26-12.33.42:701][  0]LogLinker:Warning: Can't find file for asset '/Script/EnvironmentQueryEditor' while loading NULL.
[2017.12.26-12.33.42:701][  0]LogLinker:Warning: Can't find file '/Script/EnvironmentQueryEditor'
[2017.12.26-12.33.42:701][  0]LogLinker:Warning: Can't find file for asset '/Script/EnvironmentQueryEditor' while loading NULL.
[2017.12.26-12.33.42:701][  0]LogLinker:Warning: Can't find file '/Script/EnvironmentQueryEditor'
[2017.12.26-12.33.42:701][  0]LogLinker:Warning: Can't find file for asset '/Script/EnvironmentQueryEditor' while loading NULL.
[2017.12.26-12.33.42:701][  0]LogLinker:Warning: Can't find file '/Script/EnvironmentQueryEditor'
[2017.12.26-12.33.42:701][  0]LogLinker:Warning: Can't find file for asset '/Script/EnvironmentQueryEditor' while loading NULL.
[2017.12.26-12.33.42:701][  0]LogLinker:Warning: Can't find file '/Script/EnvironmentQueryEditor'
[2017.12.26-12.33.42:701][  0]LogLinker:Warning: Can't find file for asset '/Script/EnvironmentQueryEditor' while loading NULL.
[2017.12.26-12.33.42:724][  0]LogLinker:Warning: Can't find file '/Script/EnvironmentQueryEditor'
[2017.12.26-12.33.42:724][  0]LogLinker:Warning: Can't find file for asset '/Script/EnvironmentQueryEditor' while loading NULL.
[2017.12.26-12.33.42:724][  0]LogLinker:Warning: Can't find file '/Script/EnvironmentQueryEditor'
[2017.12.26-12.33.42:724][  0]LogLinker:Warning: Can't find file for asset '/Script/EnvironmentQueryEditor' while loading NULL.
[2017.12.26-12.33.42:724][  0]LogLinker:Warning: Can't find file '/Script/EnvironmentQueryEditor'
[2017.12.26-12.33.42:724][  0]LogLinker:Warning: Can't find file for asset '/Script/EnvironmentQueryEditor' while loading NULL.
[2017.12.26-12.33.42:724][  0]LogLinker:Warning: Can't find file '/Script/EnvironmentQueryEditor'
[2017.12.26-12.33.42:724][  0]LogLinker:Warning: Can't find file for asset '/Script/EnvironmentQueryEditor' while loading NULL.
[2017.12.26-12.33.42:724][  0]LogLinker:Warning: Can't find file '/Script/EnvironmentQueryEditor'
[2017.12.26-12.33.42:724][  0]LogLinker:Warning: Can't find file for asset '/Script/EnvironmentQueryEditor' while loading NULL.
[2017.12.26-12.33.42:725][  0]LogLinker:Warning: Can't find file '/Script/EnvironmentQueryEditor'
[2017.12.26-12.33.42:725][  0]LogLinker:Warning: Can't find file for asset '/Script/EnvironmentQueryEditor' while loading NULL.
[2017.12.26-12.33.42:725][  0]LogLinker:Warning: Can't find file '/Script/EnvironmentQueryEditor'
[2017.12.26-12.33.42:725][  0]LogLinker:Warning: Can't find file for asset '/Script/EnvironmentQueryEditor' while loading NULL.
[2017.12.26-12.33.42:725][  0]LogLinker:Warning: Can't find file '/Script/EnvironmentQueryEditor'
[2017.12.26-12.33.42:725][  0]LogLinker:Warning: Can't find file for asset '/Script/EnvironmentQueryEditor' while loading NULL.
[2017.12.26-12.33.42:725][  0]LogLinker:Warning: Can't find file '/Script/EnvironmentQueryEditor'
[2017.12.26-12.33.42:725][  0]LogLinker:Warning: Can't find file for asset '/Script/EnvironmentQueryEditor' while loading NULL.
[2017.12.26-12.33.42:725][  0]LogLinker:Warning: Can't find file '/Script/EnvironmentQueryEditor'
[2017.12.26-12.33.42:725][  0]LogLinker:Warning: Can't find file for asset '/Script/EnvironmentQueryEditor' while loading NULL.
[2017.12.26-12.33.42:725][  0]LogLinker:Warning: Can't find file '/Script/EnvironmentQueryEditor'
[2017.12.26-12.33.42:725][  0]LogLinker:Warning: Can't find file for asset '/Script/EnvironmentQueryEditor' while loading NULL.
[2017.12.26-12.33.42:725][  0]LogLinker:Warning: Can't find file '/Script/EnvironmentQueryEditor'
[2017.12.26-12.33.42:725][  0]LogLinker:Warning: Can't find file for asset '/Script/EnvironmentQueryEditor' while loading NULL.
[2017.12.26-12.33.42:725][  0]LogLinker:Warning: Can't find file '/Script/EnvironmentQueryEditor'
[2017.12.26-12.33.42:725][  0]LogLinker:Warning: Can't find file for asset '/Script/EnvironmentQueryEditor' while loading NULL.
[2017.12.26-12.33.42:725][  0]LogLinker:Warning: Can't find file '/Script/EnvironmentQueryEditor'
[2017.12.26-12.33.42:725][  0]LogLinker:Warning: Can't find file for asset '/Script/EnvironmentQueryEditor' while loading NULL.
[2017.12.26-12.33.42:725][  0]LogLinker:Warning: Can't find file '/Script/EnvironmentQueryEditor'
[2017.12.26-12.33.42:725][  0]LogLinker:Warning: Can't find file for asset '/Script/EnvironmentQueryEditor' while loading NULL.
[2017.12.26-12.33.42:725][  0]LogLinker:Warning: Can't find file '/Script/EnvironmentQueryEditor'
[2017.12.26-12.33.42:725][  0]LogLinker:Warning: Can't find file for asset '/Script/EnvironmentQueryEditor' while loading NULL.
[2017.12.26-12.33.42:725][  0]LogLinker:Warning: Can't find file '/Script/EnvironmentQueryEditor'
[2017.12.26-12.33.42:725][  0]LogLinker:Warning: Can't find file for asset '/Script/EnvironmentQueryEditor' while loading NULL.
[2017.12.26-12.33.42:725][  0]LogLinker:Warning: Can't find file '/Script/EnvironmentQueryEditor'
[2017.12.26-12.33.42:725][  0]LogLinker:Warning: Can't find file for asset '/Script/EnvironmentQueryEditor' while loading NULL.
[2017.12.26-12.33.42:725][  0]LogLinker:Warning: Can't find file '/Script/EnvironmentQueryEditor'
[2017.12.26-12.33.42:725][  0]LogLinker:Warning: Can't find file for asset '/Script/EnvironmentQueryEditor' while loading NULL.
[2017.12.26-12.33.42:725][  0]LogLinker:Warning: Can't find file '/Script/EnvironmentQueryEditor'
[2017.12.26-12.33.42:725][  0]LogLinker:Warning: Can't find file for asset '/Script/EnvironmentQueryEditor' while loading NULL.
[2017.12.26-12.33.42:844][  0]LogLinker:Warning: Can't find file '/Script/EnvironmentQueryEditor'
[2017.12.26-12.33.42:844][  0]LogLinker:Warning: Can't find file for asset '/Script/EnvironmentQueryEditor' while loading NULL.
[2017.12.26-12.33.42:844][  0]LogLinker:Warning: Can't find file '/Script/EnvironmentQueryEditor'
[2017.12.26-12.33.42:844][  0]LoadErrors: Info Failed to load /Script/EnvironmentQueryEditor.EnvironmentQueryGraph Referenced by FindPlayer_AllMatching
[2017.12.26-12.33.42:844][  0]LogLinker:Warning: Can't find file for asset '/Script/EnvironmentQueryEditor' while loading NULL.
[2017.12.26-12.33.42:844][  0]LoadErrors: Info Failed to load /Script/EnvironmentQueryEditor.EnvironmentQueryGraph Referenced by FindPlayer_AllMatching
[2017.12.26-12.33.42:844][  0]LogLinker:Warning: Can't find file '/Script/EnvironmentQueryEditor'
[2017.12.26-12.33.42:844][  0]LogLinker:Warning: Can't find file for asset '/Script/EnvironmentQueryEditor' while loading NULL.
[2017.12.26-12.33.42:844][  0]LogLinker:Warning: Can't find file '/Script/EnvironmentQueryEditor'
[2017.12.26-12.33.42:844][  0]LoadErrors: Info Failed to load /Script/EnvironmentQueryEditor.EnvironmentQueryGraph Referenced by FindPlayer_RandomBest5Pct
[2017.12.26-12.33.42:844][  0]LogLinker:Warning: Can't find file for asset '/Script/EnvironmentQueryEditor' while loading NULL.
[2017.12.26-12.33.42:844][  0]LoadErrors: Info Failed to load /Script/EnvironmentQueryEditor.EnvironmentQueryGraph Referenced by FindPlayer_RandomBest5Pct
[2017.12.26-12.33.42:844][  0]LogLinker:Warning: Can't find file '/Script/EnvironmentQueryEditor'
[2017.12.26-12.33.42:844][  0]LogLinker:Warning: Can't find file for asset '/Script/EnvironmentQueryEditor' while loading NULL.
[2017.12.26-12.33.42:844][  0]LogLinker:Warning: Can't find file '/Script/EnvironmentQueryEditor'
[2017.12.26-12.33.42:844][  0]LoadErrors: Info Failed to load /Script/EnvironmentQueryEditor.EnvironmentQueryGraph Referenced by FindPlayer_SingleResult
[2017.12.26-12.33.42:844][  0]LogLinker:Warning: Can't find file for asset '/Script/EnvironmentQueryEditor' while loading NULL.
[2017.12.26-12.33.42:844][  0]LoadErrors: Info Failed to load /Script/EnvironmentQueryEditor.EnvironmentQueryGraph Referenced by FindPlayer_SingleResult
[2017.12.26-12.33.42:857][  0]LogLinker:Warning: Can't find file '/Script/EnvironmentQueryEditor'
[2017.12.26-12.33.42:857][  0]LogLinker:Warning: Can't find file for asset '/Script/EnvironmentQueryEditor' while loading NULL.
[2017.12.26-12.33.42:857][  0]LogLinker:Warning: Can't find file '/Script/EnvironmentQueryEditor'
[2017.12.26-12.33.42:857][  0]LoadErrors: Info Failed to load /Script/EnvironmentQueryEditor.EnvironmentQueryGraph Referenced by FindPlayer
[2017.12.26-12.33.42:857][  0]LogLinker:Warning: Can't find file for asset '/Script/EnvironmentQueryEditor' while loading NULL.
[2017.12.26-12.33.42:857][  0]LoadErrors: Info Failed to load /Script/EnvironmentQueryEditor.EnvironmentQueryGraph Referenced by FindPlayer
[2017.12.26-12.33.42:857][  0]LogLinker:Warning: Can't find file '/Script/EnvironmentQueryEditor'
[2017.12.26-12.33.42:857][  0]LogLinker:Warning: Can't find file for asset '/Script/EnvironmentQueryEditor' while loading NULL.
[2017.12.26-12.33.42:857][  0]LogLinker:Warning: Can't find file '/Script/EnvironmentQueryEditor'
[2017.12.26-12.33.42:857][  0]LoadErrors: Info Failed to load /Script/EnvironmentQueryEditor.EnvironmentQueryGraphNode_Root Referenced by PackageMetaData
[2017.12.26-12.33.42:857][  0]LogLinker:Warning: Can't find file for asset '/Script/EnvironmentQueryEditor' while loading NULL.
[2017.12.26-12.33.42:857][  0]LoadErrors: Info Failed to load /Script/EnvironmentQueryEditor.EnvironmentQueryGraphNode_Root Referenced by PackageMetaData
[2017.12.26-12.33.43:290][  0]LogClass:Warning: Enum '/Game/AI/AI_State.AI_State' was upgraded to use FText to store its display name data. Please re-save this asset to avoid issues with localization and determinstic cooking.
[2017.12.26-12.33.43:368][  0]LogAIModule: Creating AISystem for world FirstPersonExampleMap
[2017.12.26-12.33.43:426][  0]LogEditorServer: Finished looking for orphan Actors (0.000 secs)
[2017.12.26-12.33.43:450][  0]Cmd: MAP CHECKDEP NOCLEARLOG
[2017.12.26-12.33.43:504][  0]MapCheck: Info Map check complete: 0 Error(s), 0 Warning(s), took 53.093ms to complete.
[2017.12.26-12.33.43:504][  0]LogFileHelpers: Loading map 'FirstPersonExampleMap' took 1.702
[2017.12.26-12.33.43:635][  0]LogCollectionManager: Loaded 0 collections in 0.001023 seconds
[2017.12.26-12.33.43:698][  0]LogFileCache: Scanning file cache for directory 'G:/Unreal Projects/WEAPON_MOD_PROJECT/Saved/Collections/' took 0.01s
[2017.12.26-12.33.43:698][  0]LogFileCache: Scanning file cache for directory 'G:/Unreal Projects/WEAPON_MOD_PROJECT/Content/Developers/petermiller/Collections/' took 0.01s
[2017.12.26-12.33.43:698][  0]LogFileCache: Scanning file cache for directory 'G:/Unreal Projects/WEAPON_MOD_PROJECT/Content/Collections/' took 0.01s
[2017.12.26-12.33.43:698][  0]LogCollectionManager: Rebuilt the GUID cache for 0 collections in 0.000002 seconds
[2017.12.26-12.33.43:705][  0]LogContentBrowser: Native class hierarchy populated in 0.0065 seconds. Added 2329 classes and 491 folders.
[2017.12.26-12.33.43:735][  0]LogContentBrowser: Native class hierarchy updated for 'WidgetCarousel' in 0.0004 seconds. Added 0 classes and 0 folders.
[2017.12.26-12.33.43:766][  0]LogContentBrowser: Native class hierarchy updated for 'AddContentDialog' in 0.0004 seconds. Added 0 classes and 0 folders.
[2017.12.26-12.33.43:787][  0]LogContentBrowser: Native class hierarchy updated for 'SceneOutliner' in 0.0004 seconds. Added 1 classes and 2 folders.
[2017.12.26-12.33.43:809][  0]LogCrashTracker: Crashtracker disabled due to settings.
[2017.12.26-12.33.43:812][  0]LogSlate: Took 0.000176 seconds to synchronously load lazily loaded font '../../../Engine/Content/Slate/Fonts/Roboto-Regular.ttf' (155K)
[2017.12.26-12.33.43:814][  0]LogSlate: Took 0.000135 seconds to synchronously load lazily loaded font '../../../Engine/Content/Slate/Fonts/Roboto-Bold.ttf' (160K)
[2017.12.26-12.33.43:817][  0]LogSlate: Took 0.000169 seconds to synchronously load lazily loaded font '../../../Engine/Content/Editor/Slate/Fonts/FontAwesome.ttf' (139K)
[2017.12.26-12.33.43:880][  0]LogRenderer: Reallocating scene render targets to support 840x312 NumSamples 1 (Frame:1).
[2017.12.26-12.33.43:931][  0]LogSlate: Took 0.000151 seconds to synchronously load lazily loaded font '../../../Engine/Content/Slate/Fonts/Roboto-Light.ttf' (159K)
[2017.12.26-12.33.43:989][  0]LogUObjectGlobals:Warning: Failed to find object 'Class None.'
[2017.12.26-12.33.44:032][  0]LogContentBrowser: Native class hierarchy updated for 'HierarchicalLODOutliner' in 0.0004 seconds. Added 1 classes and 2 folders.
[2017.12.26-12.33.44:032][  0]LogLoad: (Engine Initialization) Total time: 11.36 seconds
[2017.12.26-12.33.44:032][  0]LogLoad: (Engine Initialization) Total Blueprint compile time: 0.39 seconds
[2017.12.26-12.33.44:032][  0]LogExternalProfiler: Found external profiler: VSPerf
[2017.12.26-12.33.44:032][  0]LogExternalProfiler: Using external profiler: VSPerf
[2017.12.26-12.33.44:041][  0]LogOcInput: OculusInput pre-init called
[2017.12.26-12.33.44:041][  0]LogHMD: Starting GearVRController plugin
[2017.12.26-12.33.44:070][  0]LogContentStreaming: Texture pool size now 800 MB
[2017.12.26-12.33.44:148][  1]LogAssetRegistry: Asset discovery search completed in 7.1219 seconds
[2017.12.26-12.33.44:153][  1]LogCollectionManager: Rebuilt the object cache for 0 collections in 0.000001 seconds (found 0 objects)
[2017.12.26-12.33.44:153][  1]LogCollectionManager: Fixed up redirectors for 0 collections in 0.000040 seconds (updated 0 objects)
[2017.12.26-12.34.07:896][144]LogSlate: Took 0.000153 seconds to synchronously load lazily loaded font '../../../Engine/Content/Slate/Fonts/Roboto-Light.ttf' (159K)
[2017.12.26-12.34.14:149][144]LogSlate: Took 0.000122 seconds to synchronously load lazily loaded font '../../../Engine/Content/Slate/Fonts/Roboto-Light.ttf' (159K)
[2017.12.26-12.34.17:307][144]LogSavePackage: Save=60.46ms
[2017.12.26-12.34.17:307][144]LogSavePackage: Moving '../../../../Unreal Projects/WEAPON_MOD_PROJECT/Saved/T_Bloody_Handprint_01_BCA98C920B4CEA39BC06F0C2B25542659C.tmp' to '../../../../Unreal Projects/WEAPON_MOD_PROJECT/Content/BloodSplatterDecals/TextureMax/SplatterDecals/Textures/T_Bloody_Handprint_01_BC.uasset'
[2017.12.26-12.34.17:309][144]LogSavePackage:Display: Finished SavePackage ../../../../Unreal Projects/WEAPON_MOD_PROJECT/Content/BloodSplatterDecals/TextureMax/SplatterDecals/Textures/T_Bloody_Handprint_01_BC.uasset
[2017.12.26-12.34.17:316][144]LogSavePackage: Save=0.65ms
[2017.12.26-12.34.17:316][144]LogSavePackage: Moving '../../../../Unreal Projects/WEAPON_MOD_PROJECT/Saved/T_Paint_Red_Splatter_09_BC566341544BDBF8261C22BAB322B2ACC9.tmp' to '../../../../Unreal Projects/WEAPON_MOD_PROJECT/Content/BloodSplatterDecals/TextureMax/SplatterDecals/Textures/T_Paint_Red_Splatter_09_BC.uasset'
[2017.12.26-12.34.17:318][144]LogSavePackage:Display: Finished SavePackage ../../../../Unreal Projects/WEAPON_MOD_PROJECT/Content/BloodSplatterDecals/TextureMax/SplatterDecals/Textures/T_Paint_Red_Splatter_09_BC.uasset
[2017.12.26-12.34.17:321][144]Cmd: OBJ SAVEPACKAGE PACKAGE="/Game/FirstPersonBP/Datatable/PartDataTable" FILE="../../../../Unreal Projects/WEAPON_MOD_PROJECT/Content/FirstPersonBP/Datatable/PartDataTable.uasset" SILENT=true
[2017.12.26-12.34.17:325][144]LogSavePackage: Save=1.48ms
[2017.12.26-12.34.17:325][144]LogSavePackage: Moving '../../../../Unreal Projects/WEAPON_MOD_PROJECT/Saved/PartDataTableE9DFB2C94C2E7BDCD0CA96A5AD4A6774.tmp' to '../../../../Unreal Projects/WEAPON_MOD_PROJECT/Content/FirstPersonBP/Datatable/PartDataTable.uasset'
[2017.12.26-12.34.17:326][144]LogSavePackage:Display: Finished SavePackage ../../../../Unreal Projects/WEAPON_MOD_PROJECT/Content/FirstPersonBP/Datatable/PartDataTable.uasset
[2017.12.26-12.35.18:958][362]LogMaterial: Missing cached shader map for material Bottommat, compiling. 
[2017.12.26-12.35.18:962][362]LogMaterial:Warning: Failed to compile Material /Game/CustomCharactersPack1/Main/Cop/Materials/Bottommat.Bottommat for platform PCD3D_SM5, Default Material will be used in game.
[2017.12.26-12.35.18:962][362]LogMaterial:Warning: 	(Node TextureSample) Texture Sample> Missing input texture
[2017.12.26-12.35.18:964][362]LogMaterial: Missing cached shader map for material Bottommat, compiling. 
[2017.12.26-12.35.18:964][362]LogMaterial:Warning: Failed to compile Material /Game/CustomCharactersPack1/Main/Cop/Materials/Bottommat.Bottommat for platform PCD3D_SM5, Default Material will be used in game.
[2017.12.26-12.35.18:964][362]LogMaterial:Warning: 	(Node TextureSample) Texture Sample> Missing input texture
[2017.12.26-12.35.18:966][362]LogMaterial: Missing cached shader map for material Bottommat, compiling. 
[2017.12.26-12.35.18:966][362]LogMaterial:Warning: Failed to compile Material /Game/CustomCharactersPack1/Main/Cop/Materials/Bottommat.Bottommat for platform PCD3D_SM5, Default Material will be used in game.
[2017.12.26-12.35.18:966][362]LogMaterial:Warning: 	(Node TextureSample) Texture Sample> Missing input texture
[2017.12.26-12.36.54:921][810]LogMaterial: Missing cached shader map for material M_ImpactSmoke, compiling. 
[2017.12.26-12.36.54:927][810]LogMaterial:Warning: Failed to compile Material /Game/Effects/Impacts/Material/M_ImpactSmoke.M_ImpactSmoke for platform PCD3D_SM5, Default Material will be used in game.
[2017.12.26-12.36.54:927][810]LogMaterial:Warning: 	(Node TextureSampleParameterSubUV) Parameter SubUV> Requires Texture2D
[2017.12.26-12.36.54:927][810]LogMaterial:Warning: 	(Node TextureSample) Texture Sample> Missing input texture
[2017.12.26-12.36.54:929][810]LogMaterial: Missing cached shader map for material M_ImpactSmoke, compiling. 
[2017.12.26-12.36.54:930][810]LogMaterial:Warning: Failed to compile Material /Game/Effects/Impacts/Material/M_ImpactSmoke.M_ImpactSmoke for platform PCD3D_SM5, Default Material will be used in game.
[2017.12.26-12.36.54:930][810]LogMaterial:Warning: 	(Node TextureSampleParameterSubUV) Parameter SubUV> Requires Texture2D
[2017.12.26-12.36.54:930][810]LogMaterial:Warning: 	(Node TextureSample) Texture Sample> Missing input texture
[2017.12.26-12.36.54:931][810]LogMaterial: Missing cached shader map for material M_Single_Master, compiling. 
[2017.12.26-12.36.54:931][810]LogMaterial:Warning: Failed to compile Material /Game/Effects/Impacts/Material/M_Single_Master.M_Single_Master for platform PCD3D_SM5, Default Material will be used in game.
[2017.12.26-12.36.54:931][810]LogMaterial:Warning: 	(Node TextureSample) Texture Sample> Missing input texture
[2017.12.26-12.36.54:933][810]LogMaterial: Missing cached shader map for material M_HeatDistort, compiling. 
[2017.12.26-12.36.54:933][810]LogMaterial:Warning: Failed to compile Material /Game/Effects/MuzzleFlash/Materials/M_HeatDistort.M_HeatDistort for platform PCD3D_SM5, Default Material will be used in game.
[2017.12.26-12.36.54:933][810]LogMaterial:Warning: 	(Node TextureSample) Texture Sample> Missing input texture
[2017.12.26-12.36.54:935][810]LogMaterial: Missing cached shader map for material M_HeatDistort, compiling. 
[2017.12.26-12.36.54:935][810]LogMaterial:Warning: Failed to compile Material /Game/Effects/MuzzleFlash/Materials/M_HeatDistort.M_HeatDistort for platform PCD3D_SM5, Default Material will be used in game.
[2017.12.26-12.36.54:935][810]LogMaterial:Warning: 	(Node TextureSample) Texture Sample> Missing input texture
[2017.12.26-12.36.54:937][810]LogMaterial: Missing cached shader map for material M_MuzzleFire, compiling. 
[2017.12.26-12.36.54:937][810]LogMaterial:Warning: Failed to compile Material /Game/Effects/MuzzleFlash/Materials/M_MuzzleFire.M_MuzzleFire for platform PCD3D_SM5, Default Material will be used in game.
[2017.12.26-12.36.54:937][810]LogMaterial:Warning: 	(Node TextureSampleParameterSubUV) Parameter SubUV> Requires Texture2D
[2017.12.26-12.36.54:938][810]LogMaterial: Missing cached shader map for material M_MuzzleGlow, compiling. 
[2017.12.26-12.36.54:939][810]LogMaterial:Warning: Failed to compile Material /Game/Effects/MuzzleFlash/Materials/M_MuzzleGlow.M_MuzzleGlow for platform PCD3D_SM5, Default Material will be used in game.
[2017.12.26-12.36.54:939][810]LogMaterial:Warning: 	(Node TextureSample) Texture Sample> Missing input texture
[2017.12.26-12.36.54:940][810]LogMaterial: Missing cached shader map for material M_MuzzleGlow, compiling. 
[2017.12.26-12.36.54:941][810]LogMaterial:Warning: Failed to compile Material /Game/Effects/MuzzleFlash/Materials/M_MuzzleGlow.M_MuzzleGlow for platform PCD3D_SM5, Default Material will be used in game.
[2017.12.26-12.36.54:941][810]LogMaterial:Warning: 	(Node TextureSample) Texture Sample> Missing input texture
[2017.12.26-12.36.54:942][810]LogMaterial: Missing cached shader map for material M_Flare_Master, compiling. 
[2017.12.26-12.36.54:943][810]LogMaterial:Warning: Failed to compile Material /Game/Effects/MuzzleFlash/Materials/M_Flare_Master.M_Flare_Master for platform PCD3D_SM5, Default Material will be used in game.
[2017.12.26-12.36.54:943][810]LogMaterial:Warning: 	(Node TextureSample) Texture Sample> Missing input texture
[2017.12.26-12.36.54:943][810]LogMaterial:Warning: 	(Node TextureSampleParameter2D) Param2D> Requires Texture2D
[2017.12.26-12.36.54:944][810]LogMaterial: Missing cached shader map for material M_Flare_Master, compiling. 
[2017.12.26-12.36.54:945][810]LogMaterial:Warning: Failed to compile Material /Game/Effects/MuzzleFlash/Materials/M_Flare_Master.M_Flare_Master for platform PCD3D_SM5, Default Material will be used in game.
[2017.12.26-12.36.54:945][810]LogMaterial:Warning: 	(Node TextureSample) Texture Sample> Missing input texture
[2017.12.26-12.36.54:945][810]LogMaterial:Warning: 	(Node TextureSampleParameter2D) Param2D> Requires Texture2D
[2017.12.26-12.36.54:946][810]LogMaterial: Missing cached shader map for material M_Flare_Master, compiling. 
[2017.12.26-12.36.54:946][810]LogMaterial:Warning: Failed to compile Material /Game/Effects/MuzzleFlash/Materials/M_Flare_Master.M_Flare_Master for platform PCD3D_SM5, Default Material will be used in game.
[2017.12.26-12.36.54:946][810]LogMaterial:Warning: 	(Node TextureSample) Texture Sample> Missing input texture
[2017.12.26-12.36.54:946][810]LogMaterial:Warning: 	(Node TextureSampleParameter2D) Param2D> Requires Texture2D
[2017.12.26-12.36.54:948][810]LogStaticMesh: Building static mesh SM_MuzzleCone...
[2017.12.26-12.36.54:952][810]LogMeshUtilities: Invalid vertex normals found for mesh. Forcing recomputation of vertex normals for MikkTSpace. Fix mesh or disable "Use MikkTSpace Tangent Space" to avoid forced recomputation of normals.
[2017.12.26-12.36.54:959][810]LogStaticMesh: Built static mesh [0.01s] /Game/Effects/MuzzleFlash/Meshes/SM_MuzzleCone.SM_MuzzleCone
[2017.12.26-12.37.05:020][785]LogTexture:Display: Building textures: SKS_COL (AutoDXT, 4096X4096)
[2017.12.26-12.37.12:151][785]LogObjectTools:Warning: ForceReplaceReferences replaced references for a transient object 'DEADCLASS_FPSArms_Skeleton_AnimBlueprint_ARPack_C_0' or package '/Engine/Transient'.
[2017.12.26-12.37.12:151][785]LogObjectTools:Warning: ForceReplaceReferences replaced references for a transient object 'DEADCLASS_FPSArms_Skeleton_AnimBlueprint_ARPack_C_1' or package '/Engine/Transient'.
[2017.12.26-12.37.12:151][785]LogObjectTools:Warning: ForceReplaceReferences replaced references for a transient object 'BlueprintUpdateAnimation' or package '/Game/FPRiflePack/FirstPersonBPIronbelly/Arms/FPSArms_Skeleton_AnimBlueprint_ARPack'.
[2017.12.26-12.37.12:151][785]LogObjectTools:Warning: ForceReplaceReferences replaced references for a transient object 'EvaluateGraphExposedInputs_ExecuteUbergraph_FPSArms_Skeleton_AnimBlueprint_ARPack_AnimGraphNode_BlendListByBool_DDA6894E44A574644A645DA506365413' or package '/Game/FPRiflePack/FirstPersonBPIronbelly/Arms/FPSArms_Skeleton_AnimBlueprint_ARPack'.
[2017.12.26-12.37.12:151][785]LogObjectTools:Warning: ForceReplaceReferences replaced references for a transient object 'EvaluateGraphExposedInputs_ExecuteUbergraph_FPSArms_Skeleton_AnimBlueprint_ARPack_AnimGraphNode_BlendListByBool_A063F0304C5A8840E09DFFBA155A2A94' or package '/Game/FPRiflePack/FirstPersonBPIronbelly/Arms/FPSArms_Skeleton_AnimBlueprint_ARPack'.
[2017.12.26-12.37.12:151][785]LogObjectTools:Warning: ForceReplaceReferences replaced references for a transient object 'EvaluateGraphExposedInputs_ExecuteUbergraph_FPSArms_Skeleton_AnimBlueprint_ARPack_AnimGraphNode_BlendListByInt_98F438E3495AD96986B821B6E62B3451' or package '/Game/FPRiflePack/FirstPersonBPIronbelly/Arms/FPSArms_Skeleton_AnimBlueprint_ARPack'.
[2017.12.26-12.37.12:151][785]LogObjectTools:Warning: ForceReplaceReferences replaced references for a transient object 'EvaluateGraphExposedInputs_ExecuteUbergraph_FPSArms_Skeleton_AnimBlueprint_ARPack_AnimGraphNode_BlendListByInt_861798564672DF35E2C1CCB3B33C4C0B' or package '/Game/FPRiflePack/FirstPersonBPIronbelly/Arms/FPSArms_Skeleton_AnimBlueprint_ARPack'.
[2017.12.26-12.37.12:151][785]LogObjectTools:Warning: ForceReplaceReferences replaced references for a transient object 'EvaluateGraphExposedInputs_ExecuteUbergraph_FPSArms_Skeleton_AnimBlueprint_ARPack_AnimGraphNode_BlendListByInt_42D23AAA4EDEF620B19B26BECDBD1FA5' or package '/Game/FPRiflePack/FirstPersonBPIronbelly/Arms/FPSArms_Skeleton_AnimBlueprint_ARPack'.
[2017.12.26-12.37.12:151][785]LogObjectTools:Warning: ForceReplaceReferences replaced references for a transient object 'EvaluateGraphExposedInputs_ExecuteUbergraph_FPSArms_Skeleton_AnimBlueprint_ARPack_AnimGraphNode_BlendListByInt_F350C11F44C63B33D59654B45CDDF41C' or package '/Game/FPRiflePack/FirstPersonBPIronbelly/Arms/FPSArms_Skeleton_AnimBlueprint_ARPack'.
[2017.12.26-12.37.12:151][785]LogObjectTools:Warning: ForceReplaceReferences replaced references for a transient object 'EvaluateGraphExposedInputs_ExecuteUbergraph_FPSArms_Skeleton_AnimBlueprint_ARPack_AnimGraphNode_BlendListByBool_59D4FB1D4CDEEAC5709EDA8019A4B34D' or package '/Game/FPRiflePack/FirstPersonBPIronbelly/Arms/FPSArms_Skeleton_AnimBlueprint_ARPack'.
[2017.12.26-12.37.12:151][785]LogObjectTools:Warning: ForceReplaceReferences replaced references for a transient object 'EvaluateGraphExposedInputs_ExecuteUbergraph_FPSArms_Skeleton_AnimBlueprint_ARPack_AnimGraphNode_BlendListByInt_ED9B54E74746A916C9F607814C3E1599' or package '/Game/FPRiflePack/FirstPersonBPIronbelly/Arms/FPSArms_Skeleton_AnimBlueprint_ARPack'.
[2017.12.26-12.37.12:151][785]LogObjectTools:Warning: ForceReplaceReferences replaced references for a transient object 'EvaluateGraphExposedInputs_ExecuteUbergraph_FPSArms_Skeleton_AnimBlueprint_ARPack_AnimGraphNode_BlendListByBool_2DCA59EE4B8B11D2942134AF046A8E79' or package '/Game/FPRiflePack/FirstPersonBPIronbelly/Arms/FPSArms_Skeleton_AnimBlueprint_ARPack'.
[2017.12.26-12.37.12:151][785]LogObjectTools:Warning: ForceReplaceReferences replaced references for a transient object 'bWalking' or package '/Engine/Transient'.
[2017.12.26-12.37.12:151][785]LogObjectTools:Warning: ForceReplaceReferences replaced references for a transient object 'bIndex' or package '/Engine/Transient'.
[2017.12.26-12.37.12:151][785]LogObjectTools:Warning: ForceReplaceReferences replaced references for a transient object 'bAiming' or package '/Engine/Transient'.
[2017.12.26-12.37.12:151][785]LogObjectTools:Warning: ForceReplaceReferences replaced references for a transient object 'bSprinting' or package '/Engine/Transient'.
[2017.12.26-12.37.12:151][785]LogObjectTools:Warning: ForceReplaceReferences replaced references for a transient object 'AnimGraphNode_BlendListByInt_F350C11F44C63B33D59654B45CDDF41C' or package '/Engine/Transient'.
[2017.12.26-12.37.12:151][785]LogObjectTools:Warning: ForceReplaceReferences replaced references for a transient object 'AnimGraphNode_BlendListByBool_59D4FB1D4CDEEAC5709EDA8019A4B34D' or package '/Engine/Transient'.
[2017.12.26-12.37.12:151][785]LogObjectTools:Warning: ForceReplaceReferences replaced references for a transient object 'AnimGraphNode_BlendListByInt_ED9B54E74746A916C9F607814C3E1599' or package '/Engine/Transient'.
[2017.12.26-12.37.12:151][785]LogObjectTools:Warning: ForceReplaceReferences replaced references for a transient object 'AnimGraphNode_BlendListByBool_2DCA59EE4B8B11D2942134AF046A8E79' or package '/Engine/Transient'.
[2017.12.26-12.37.12:151][785]LogObjectTools:Warning: ForceReplaceReferences replaced references for a transient object 'AnimGraphNode_BlendListByInt_42D23AAA4EDEF620B19B26BECDBD1FA5' or package '/Engine/Transient'.
[2017.12.26-12.37.12:151][785]LogObjectTools:Warning: ForceReplaceReferences replaced references for a transient object 'AnimGraphNode_BlendListByInt_861798564672DF35E2C1CCB3B33C4C0B' or package '/Engine/Transient'.
[2017.12.26-12.37.12:151][785]LogObjectTools:Warning: ForceReplaceReferences replaced references for a transient object 'AnimGraphNode_BlendListByInt_98F438E3495AD96986B821B6E62B3451' or package '/Engine/Transient'.
[2017.12.26-12.37.12:151][785]LogObjectTools:Warning: ForceReplaceReferences replaced references for a transient object 'AnimGraphNode_BlendListByBool_A063F0304C5A8840E09DFFBA155A2A94' or package '/Engine/Transient'.
[2017.12.26-12.37.12:151][785]LogObjectTools:Warning: ForceReplaceReferences replaced references for a transient object 'AnimGraphNode_BlendListByBool_DDA6894E44A574644A645DA506365413' or package '/Engine/Transient'.
[2017.12.26-12.37.12:151][785]LogObjectTools:Warning: ForceReplaceReferences replaced references for a transient object 'AnimGraphNode_Slot_898C6A314858E72043CD86AC0874EEA3' or package '/Engine/Transient'.
[2017.12.26-12.37.12:152][785]LogObjectTools:Warning: ForceReplaceReferences replaced references for a transient object 'AnimGraphNode_Root_85A763944BC9437FB171DF8842F28989' or package '/Engine/Transient'.
[2017.12.26-12.37.12:152][785]LogObjectTools:Warning: ForceReplaceReferences replaced references for a transient object 'K2Node_FunctionEntry_23' or package '/Game/FPRiflePack/FirstPersonBPIronbelly/Arms/FPSArms_Skeleton_AnimBlueprint_ARPack'.
[2017.12.26-12.37.12:152][785]LogObjectTools:Warning: ForceReplaceReferences replaced references for a transient object 'ExecuteUbergraph_FPSArms_Skeleton_AnimBlueprint_ARPack' or package '/Engine/Transient'.
[2017.12.26-12.37.12:152][785]LogObjectTools:Warning: ForceReplaceReferences replaced references for a transient object 'BlueprintUpdateAnimation' or package '/Engine/Transient'.
[2017.12.26-12.37.12:152][785]LogObjectTools:Warning: ForceReplaceReferences replaced references for a transient object 'EvaluateGraphExposedInputs_ExecuteUbergraph_FPSArms_Skeleton_AnimBlueprint_ARPack_AnimGraphNode_BlendListByBool_DDA6894E44A574644A645DA506365413' or package '/Engine/Transient'.
[2017.12.26-12.37.12:152][785]LogObjectTools:Warning: ForceReplaceReferences replaced references for a transient object 'EvaluateGraphExposedInputs_ExecuteUbergraph_FPSArms_Skeleton_AnimBlueprint_ARPack_AnimGraphNode_BlendListByBool_A063F0304C5A8840E09DFFBA155A2A94' or package '/Engine/Transient'.
[2017.12.26-12.37.12:152][785]LogObjectTools:Warning: ForceReplaceReferences replaced references for a transient object 'EvaluateGraphExposedInputs_ExecuteUbergraph_FPSArms_Skeleton_AnimBlueprint_ARPack_AnimGraphNode_BlendListByInt_98F438E3495AD96986B821B6E62B3451' or package '/Engine/Transient'.
[2017.12.26-12.37.12:152][785]LogObjectTools:Warning: ForceReplaceReferences replaced references for a transient object 'EvaluateGraphExposedInputs_ExecuteUbergraph_FPSArms_Skeleton_AnimBlueprint_ARPack_AnimGraphNode_BlendListByInt_861798564672DF35E2C1CCB3B33C4C0B' or package '/Engine/Transient'.
[2017.12.26-12.37.12:152][785]LogObjectTools:Warning: ForceReplaceReferences replaced references for a transient object 'EvaluateGraphExposedInputs_ExecuteUbergraph_FPSArms_Skeleton_AnimBlueprint_ARPack_AnimGraphNode_BlendListByInt_42D23AAA4EDEF620B19B26BECDBD1FA5' or package '/Engine/Transient'.
[2017.12.26-12.37.12:152][785]LogObjectTools:Warning: ForceReplaceReferences replaced references for a transient object 'EvaluateGraphExposedInputs_ExecuteUbergraph_FPSArms_Skeleton_AnimBlueprint_ARPack_AnimGraphNode_BlendListByInt_F350C11F44C63B33D59654B45CDDF41C' or package '/Engine/Transient'.
[2017.12.26-12.37.12:152][785]LogObjectTools:Warning: ForceReplaceReferences replaced references for a transient object 'EvaluateGraphExposedInputs_ExecuteUbergraph_FPSArms_Skeleton_AnimBlueprint_ARPack_AnimGraphNode_BlendListByBool_59D4FB1D4CDEEAC5709EDA8019A4B34D' or package '/Engine/Transient'.
[2017.12.26-12.37.12:152][785]LogObjectTools:Warning: ForceReplaceReferences replaced references for a transient object 'EvaluateGraphExposedInputs_ExecuteUbergraph_FPSArms_Skeleton_AnimBlueprint_ARPack_AnimGraphNode_BlendListByInt_ED9B54E74746A916C9F607814C3E1599' or package '/Engine/Transient'.
[2017.12.26-12.37.12:152][785]LogObjectTools:Warning: ForceReplaceReferences replaced references for a transient object 'EvaluateGraphExposedInputs_ExecuteUbergraph_FPSArms_Skeleton_AnimBlueprint_ARPack_AnimGraphNode_BlendListByBool_2DCA59EE4B8B11D2942134AF046A8E79' or package '/Engine/Transient'.
[2017.12.26-12.37.12:152][785]LogObjectTools:Warning: ForceReplaceReferences replaced references for a transient object 'UberGraphFrame' or package '/Engine/Transient'.
[2017.12.26-12.37.12:152][785]LogObjectTools:Warning: ForceReplaceReferences replaced references for a transient object 'REINST_FPSArms_Skeleton_AnimBlueprint_ARPack_C_6' or package '/Engine/Transient'.
[2017.12.26-12.37.12:162][785]LogObjectTools:Warning: ForceReplaceReferences replaced references for a transient object 'TRASH_SkeletalMeshComponent_8' or package '/Engine/Transient'.
[2017.12.26-12.37.12:162][785]LogObjectTools:Warning: ForceReplaceReferences replaced references for a transient object 'REINST_SKEL_FPSArms_Skeleton_AnimBlueprint_ARPack_C_7' or package '/Engine/Transient'.
[2017.12.26-12.37.12:164][785]LogMaterial: Missing cached shader map for material SKAR_Mat, compiling. 
[2017.12.26-12.37.12:164][785]LogMaterial:Warning: Failed to compile Material /Game/FPRiflePack/IBWP3DAssaultRiflePack/Weapons/SCAR/Materials/SKAR_Mat.SKAR_Mat for platform PCD3D_SM5, Default Material will be used in game.
[2017.12.26-12.37.12:164][785]LogMaterial:Warning: 	(Node TextureSample) Texture Sample> Missing input texture
[2017.12.26-12.37.12:166][785]LogMaterial: Missing cached shader map for material SKAR_Mat, compiling. 
[2017.12.26-12.37.12:166][785]LogMaterial:Warning: Failed to compile Material /Game/FPRiflePack/IBWP3DAssaultRiflePack/Weapons/SCAR/Materials/SKAR_Mat.SKAR_Mat for platform PCD3D_SM5, Default Material will be used in game.
[2017.12.26-12.37.12:166][785]LogMaterial:Warning: 	(Node TextureSample) Texture Sample> Missing input texture
[2017.12.26-12.37.12:168][785]LogMaterial: Missing cached shader map for material SKAR_Mat, compiling. 
[2017.12.26-12.37.12:168][785]LogMaterial:Warning: Failed to compile Material /Game/FPRiflePack/IBWP3DAssaultRiflePack/Weapons/SCAR/Materials/SKAR_Mat.SKAR_Mat for platform PCD3D_SM5, Default Material will be used in game.
[2017.12.26-12.37.12:168][785]LogMaterial:Warning: 	(Node TextureSample) Texture Sample> Missing input texture
[2017.12.26-12.37.12:170][785]LogMaterial: Missing cached shader map for material SKAR_Mat, compiling. 
[2017.12.26-12.37.12:170][785]LogMaterial:Warning: Failed to compile Material /Game/FPRiflePack/IBWP3DAssaultRiflePack/Weapons/SCAR/Materials/SKAR_Mat.SKAR_Mat for platform PCD3D_SM5, Default Material will be used in game.
[2017.12.26-12.37.12:170][785]LogMaterial:Warning: 	(Node TextureSample) Texture Sample> Missing input texture
[2017.12.26-12.37.12:172][785]LogMaterial: Missing cached shader map for material SKAR_Mat, compiling. 
[2017.12.26-12.37.12:172][785]LogMaterial:Warning: Failed to compile Material /Game/FPRiflePack/IBWP3DAssaultRiflePack/Weapons/SCAR/Materials/SKAR_Mat.SKAR_Mat for platform PCD3D_SM5, Default Material will be used in game.
[2017.12.26-12.37.12:172][785]LogMaterial:Warning: 	(Node TextureSample) Texture Sample> Missing input texture
[2017.12.26-12.37.12:174][785]LogD3D11RHI:Error: Direct3DDevice->CreateBuffer(&Desc,pInitData,VertexBufferResource.GetInitReference()) failed 
 at D:\Build\++UE4+Release-4.16+Compile\Sync\Engine\Source\Runtime\Windows\D3D11RHI\Private\D3D11VertexBuffer.cpp:75 
 with error E_INVALIDARG
[2017.12.26-12.37.12:264][785]LogWindows: Windows GetLastError: The operation completed successfully. (0)
[2017.12.26-12.37.14:346][785]LogCrashTracker: 


[2017.12.26-12.37.14:355][785]LogWindows: Windows GetLastError: The operation completed successfully. (0)
[2017.12.26-12.37.14:718][785]LogCrashTracker: 


[2017.12.26-12.37.14:718][785]LogWindows:Error: === Critical error: ===
[2017.12.26-12.37.14:718][785]LogWindows:Error: 
[2017.12.26-12.37.14:718][785]LogWindows:Error: Fatal error: [File:D:\Build\++UE4+Release-4.16+Compile\Sync\Engine\Source\Runtime\RenderCore\Private\RenderingThread.cpp] [Line: 798] 
[2017.12.26-12.37.14:718][785]LogWindows:Error: Rendering thread exception:
[2017.12.26-12.37.14:718][785]LogWindows:Error: Fatal error: [File:D:\Build\++UE4+Release-4.16+Compile\Sync\Engine\Source\Runtime\Windows\D3D11RHI\Private\D3D11Util.cpp] [Line: 233] 
[2017.12.26-12.37.14:718][785]LogWindows:Error: Direct3DDevice->CreateBuffer(&Desc,pInitData,VertexBufferResource.GetInitReference()) failed 
[2017.12.26-12.37.14:718][785]LogWindows:Error:  at D:\Build\++UE4+Release-4.16+Compile\Sync\Engine\Source\Runtime\Windows\D3D11RHI\Private\D3D11VertexBuffer.cpp:75 
[2017.12.26-12.37.14:718][785]LogWindows:Error:  with error E_INVALIDARG
[2017.12.26-12.37.14:718][785]LogWindows:Error: 
[2017.12.26-12.37.14:718][785]LogWindows:Error: 
[2017.12.26-12.37.14:718][785]LogWindows:Error: KERNELBASE.dll!0x00000000E39595FC
[2017.12.26-12.37.14:718][785]LogWindows:Error: UE4Editor-Core.dll!0x00000000BDE8AFFE
[2017.12.26-12.37.14:718][785]LogWindows:Error: UE4Editor-Core.dll!0x00000000BDCA249B
[2017.12.26-12.37.14:718][785]LogWindows:Error: UE4Editor-Core.dll!0x00000000BDC30849
[2017.12.26-12.37.14:718][785]LogWindows:Error: UE4Editor-D3D11RHI.dll!0x00000000B15D9006
[2017.12.26-12.37.14:718][785]LogWindows:Error: UE4Editor-D3D11RHI.dll!0x00000000B15C225E
[2017.12.26-12.37.14:718][785]LogWindows:Error: UE4Editor-RHI.dll!0x00000000C9480982
[2017.12.26-12.37.14:718][785]LogWindows:Error: UE4Editor-RHI.dll!0x00000000C948088A
[2017.12.26-12.37.14:718][785]LogWindows:Error: UE4Editor-Engine.dll!0x00000000B84CB2E0
[2017.12.26-12.37.14:718][785]LogWindows:Error: UE4Editor-Engine.dll!0x00000000B9368291
[2017.12.26-12.37.14:718][785]LogWindows:Error: UE4Editor-RenderCore.dll!0x00000000CA2129FC
[2017.12.26-12.37.14:718][785]LogWindows:Error: UE4Editor-RenderCore.dll!0x00000000CA2263BA
[2017.12.26-12.37.14:718][785]LogWindows:Error: UE4Editor-Core.dll!0x00000000BDB04D8C
[2017.12.26-12.37.14:718][785]LogWindows:Error: UE4Editor-Core.dll!0x00000000BDB051AD
[2017.12.26-12.37.14:718][785]LogWindows:Error: UE4Editor-RenderCore.dll!0x00000000CA231607
[2017.12.26-12.37.14:718][785]LogWindows:Error: UE4Editor-RenderCore.dll!0x00000000CA2326F6
[2017.12.26-12.37.14:718][785]LogWindows:Error: UE4Editor-Core.dll!0x00000000BDE9E6A8
[2017.12.26-12.37.14:718][785]LogWindows:Error: UE4Editor-Core.dll!0x00000000BDE98ED9
[2017.12.26-12.37.14:718][785]LogWindows:Error: KERNEL32.DLL!0x00000000E60313D2
[2017.12.26-12.37.14:718][785]LogWindows:Error: ntdll.dll!0x00000000E65854F4
[2017.12.26-12.37.14:718][785]LogWindows:Error: ntdll.dll!0x00000000E65854F4
[2017.12.26-12.37.14:718][785]LogWindows:Error: 
[2017.12.26-12.37.14:718][785]LogWindows:Error: 
[2017.12.26-12.37.14:718][785]LogWindows:Error: 
[2017.12.26-12.37.14:718][785]LogWindows:Error: 
[2017.12.26-12.37.14:732][785]LogExit: Executing StaticShutdownAfterError
[2017.12.26-12.37.14:734][785]LogWindows: FPlatformMisc::RequestExit(1)
[2017.12.26-12.37.14:734][785]Log file closed, 12/26/17 23:37:14
